2014-05-03 11:55:08,950 - INFO - Insert_TestCaseName : TestCaseOperations - Entered test case BTE-0301: Test Case 3
2014-05-03 11:55:09,032 - INFO - Insert_TestCaseDataSet : TestCaseOperations - Entered test case dataset BTE-0301: BTE-0301ds
2014-05-03 11:55:09,068 - INFO - Insert_TestSteps_StepsData : TestCaseOperations - Added test step to test case id BTE-0301: Open Browser
2014-05-03 11:55:09,071 - INFO - Insert_TestSteps_StepsData : TestCaseOperations - Added test step without data: Open Browser
2014-05-03 11:55:09,102 - INFO - Insert_TestSteps_StepsData : TestCaseOperations - Inserted step Description in master_data
2014-05-03 11:55:09,105 - INFO - Insert_TestSteps_StepsData : TestCaseOperations - Inserted expected in master_data
2014-05-03 11:55:09,108 - INFO - Insert_TestSteps_StepsData : TestCaseOperations - Inserted verification in master_data
2014-05-03 11:55:09,111 - INFO - Insert_TestSteps_StepsData : TestCaseOperations - Inserted estimated in master_data
2014-05-03 11:55:09,114 - INFO - Insert_TestSteps_StepsData : TestCaseOperations - Added test step to test case id BTE-0301: Go to webpage
2014-05-03 11:55:09,122 - INFO - Insert_PIMMasterData : TestCaseOperations - inserted data in master_data data id: Google - BTE-0301_s2_d1_a1 
2014-05-03 11:55:09,125 - INFO - Insert_TestSteps_StepsData : TestCaseOperations - Inserted step Description in master_data
2014-05-03 11:55:09,128 - INFO - Insert_TestSteps_StepsData : TestCaseOperations - Inserted expected in master_data
2014-05-03 11:55:09,128 - INFO - Insert_TestSteps_StepsData : TestCaseOperations - Inserted verification in master_data
2014-05-03 11:55:09,131 - INFO - Insert_TestSteps_StepsData : TestCaseOperations - Inserted estimated in master_data
2014-05-03 11:55:09,207 - INFO - Insert_ContainerTypeData : TestCaseOperations - Inserted Container data set for [u'BTE-0301_s2_d1']
2014-05-03 11:55:09,250 - INFO - Insert_TestSteps_StepsData : TestCaseOperations - Added test step data: Go to webpage
2014-05-03 11:55:09,252 - INFO - Insert_TestSteps_StepsData : TestCaseOperations - Added test step to test case id BTE-0301: Close Browser
2014-05-03 11:55:09,253 - INFO - Insert_TestSteps_StepsData : TestCaseOperations - Added test step without data: Close Browser
2014-05-03 11:55:09,255 - INFO - Insert_TestSteps_StepsData : TestCaseOperations - Inserted step Description in master_data
2014-05-03 11:55:09,256 - INFO - Insert_TestSteps_StepsData : TestCaseOperations - Inserted expected in master_data
2014-05-03 11:55:09,256 - INFO - Insert_TestSteps_StepsData : TestCaseOperations - Inserted verification in master_data
2014-05-03 11:55:09,257 - INFO - Insert_TestSteps_StepsData : TestCaseOperations - Inserted estimated in master_data
2014-05-03 11:55:09,266 - INFO - AddTag : TestCaseOperations - Inserted BTE-0301 - tcid in test_case_tag table
2014-05-03 11:55:09,269 - INFO - AddTag : TestCaseOperations - Inserted BTE-0301 - MKS in test_case_tag table
2014-05-03 11:55:09,273 - INFO - AddTag : TestCaseOperations - Inserted Default - Data_Type in test_case_tag table
2014-05-03 11:55:09,279 - INFO - AddTag : TestCaseOperations - Inserted PC - machine_os in test_case_tag table
2014-05-03 11:55:09,282 - INFO - AddTag : TestCaseOperations - Inserted Status - Dev in test_case_tag table
2014-05-03 11:55:09,286 - INFO - AddTag : TestCaseOperations - Inserted smoke - test_run_type in test_case_tag table
2014-05-03 11:55:09,290 - INFO - AddTag : TestCaseOperations - Inserted si - test_run_type in test_case_tag table
2014-05-03 11:55:09,295 - INFO - AddTag : TestCaseOperations - Inserted P1 - Priority in test_case_tag table
2014-05-03 11:55:09,299 - INFO - AddTag : TestCaseOperations - Inserted  - CustomTag in test_case_tag table
2014-05-03 11:55:09,302 - INFO - AddTag : TestCaseOperations - Inserted 21 - section_id in test_case_tag table
2014-05-03 11:55:09,306 - INFO - AddTag : TestCaseOperations - Inserted Test - Section in test_case_tag table
2014-05-03 11:55:09,311 - INFO - AddTag : TestCaseOperations - Inserted ATest - Section in test_case_tag table
2014-05-03 11:55:09,315 - INFO - AddTag : TestCaseOperations - Inserted BTest - Section in test_case_tag table
2014-05-03 11:55:09,319 - INFO - AddTag : TestCaseOperations - Inserted Dependency - Chrome in test_case_tag table
2014-05-03 11:55:09,322 - INFO - AddTag : TestCaseOperations - Inserted Chrome - client in test_case_tag table
2014-05-03 11:55:09,326 - INFO - AddTag : TestCaseOperations - Inserted Dependency - FireFox in test_case_tag table
2014-05-03 11:55:09,329 - INFO - AddTag : TestCaseOperations - Inserted FireFox - client in test_case_tag table
2014-05-03 11:55:09,334 - INFO - AddTag : TestCaseOperations - Inserted  - JiraId in test_case_tag table
2014-05-03 11:55:09,338 - INFO - AddTag : TestCaseOperations - Inserted  - PRDId in test_case_tag table
2014-05-03 11:55:09,338 - INFO - Insert_TestCase_Tags : TestCaseOperations - Entered test case tags BTE-0301
2014-05-03 11:55:09,338 - INFO - Create Test Case - ===========================================================================================================
