2013-10-19 14:00:00,125 - INFO - __init__ : FWUpdate - Exception:No section: 'AutoUpdate'
2013-10-19 14:00:00,144 - INFO - UpdateProcess : FWUpdate - Framework update check is disabled
2013-10-19 14:00:37,819 - INFO - __init__ : FWUpdate - Exception:No section: 'AutoUpdate'
2013-10-19 14:00:37,845 - INFO - UpdateProcess : FWUpdate - Framework update check is disabled
2013-10-19 14:15:40,101 - INFO - __init__ : FWUpdate - Exception:No section: 'AutoUpdate'
2013-10-19 14:15:40,128 - INFO - UpdateProcess : FWUpdate - Framework update check is disabled
2013-10-19 14:19:07,407 - INFO - main : MainDriver - Database connection successful
2013-10-19 14:19:07,611 - INFO - main : MainDriver - Running Test cases from Test Set : [('Sat-Oct-19-14:18:59-2013', 'FIL-0033', 'sazid', 'Windows post2008Server - 64', 'FireFox(V22.0;32Bit),IE(V10;32Bit),Chrome(V30;32Bit)', 'Default', None)]
2013-10-19 14:19:07,671 - INFO - main : MainDriver - Running Test cases from list : [('FIL-0033',)]
2013-10-19 14:19:07,697 - INFO - main : MainDriver - -------------*************--------------
2013-10-19 14:19:07,723 - INFO - main : MainDriver - Running Test case id : FIL-0033 :: [('new menu selection',)]
2013-10-19 14:19:08,000 - INFO - main : MainDriver - Step : Open Browser
2013-10-19 14:19:08,068 - INFO - ExecuteTestSteps : Sub_Driver_Futureshop - Opening browser
2013-10-19 14:19:23,164 - INFO - BrowserSelection : WebProgram - Started Firefox Browser
2013-10-19 14:19:23,572 - INFO - main : MainDriver - Open Browser : Test Step Passed
2013-10-19 14:19:23,644 - INFO - main : MainDriver - Step : Open WebPage
2013-10-19 14:19:26,717 - ERROR - OpenLink : WebProgram - Failed to open your link: http://www.futureshop.ca/
2013-10-19 14:19:26,858 - ERROR - main : MainDriver - Open WebPage : Test Step Critical Failure
2013-10-19 14:19:26,891 - ERROR - main : MainDriver - Test Case Failed
2013-10-19 14:19:27,022 - INFO - main : MainDriver - Test Set Completed
2013-10-19 14:19:55,101 - INFO - main : MainDriver - Database connection successful
2013-10-19 14:19:55,138 - INFO - main : MainDriver - Running Test cases from Test Set : [('Sat-Oct-19-14:19:52-2013', 'FIL-0033', 'sazid', 'Windows post2008Server - 64', 'FireFox(V22.0;32Bit),IE(V10;32Bit),Chrome(V30;32Bit)', 'Default', None)]
2013-10-19 14:19:55,171 - INFO - main : MainDriver - Running Test cases from list : [('FIL-0033',)]
2013-10-19 14:19:55,198 - INFO - main : MainDriver - -------------*************--------------
2013-10-19 14:19:55,220 - INFO - main : MainDriver - Running Test case id : FIL-0033 :: [('new menu selection',)]
2013-10-19 14:19:55,250 - INFO - main : MainDriver - Step : Open Browser
2013-10-19 14:19:55,276 - INFO - ExecuteTestSteps : Sub_Driver_Futureshop - Opening browser
2013-10-19 14:20:01,877 - INFO - BrowserSelection : WebProgram - Started Firefox Browser
2013-10-19 14:20:02,005 - INFO - main : MainDriver - Open Browser : Test Step Passed
2013-10-19 14:20:02,038 - INFO - main : MainDriver - Step : Open WebPage
2013-10-19 14:20:13,654 - ERROR - OpenLink : WebProgram - Failed to open your link: http://www.futureshop.ca/
2013-10-19 14:20:13,779 - ERROR - main : MainDriver - Open WebPage : Test Step Critical Failure
2013-10-19 14:20:13,809 - ERROR - main : MainDriver - Test Case Failed
2013-10-19 14:20:13,861 - INFO - main : MainDriver - Test Set Completed
2013-10-19 14:56:32,161 - INFO - main : MainDriver - Database connection successful
2013-10-19 14:56:32,194 - INFO - main : MainDriver - Running Test cases from Test Set : [('Sat-Oct-19-14:56:29-2013', 'FIL-0033', 'sazid', 'Windows post2008Server - 64', 'FireFox(V22.0;32Bit),IE(V10;32Bit),Chrome(V30;32Bit)', 'Default', None)]
2013-10-19 14:56:32,233 - INFO - main : MainDriver - Running Test cases from list : [('FIL-0033',)]
2013-10-19 14:56:32,260 - INFO - main : MainDriver - -------------*************--------------
2013-10-19 14:56:32,288 - INFO - main : MainDriver - Running Test case id : FIL-0033 :: [('new menu selection',)]
2013-10-19 14:56:32,322 - INFO - main : MainDriver - Step : Open Browser
2013-10-19 14:56:32,375 - INFO - ExecuteTestSteps : Sub_Driver_Futureshop - Opening browser
2013-10-19 14:56:39,167 - INFO - BrowserSelection : WebProgram - Started Firefox Browser
2013-10-19 14:56:39,296 - INFO - main : MainDriver - Open Browser : Test Step Passed
2013-10-19 14:56:39,328 - INFO - main : MainDriver - Step : Open WebPage
2013-10-19 14:56:45,165 - ERROR - OpenLink : WebProgram - Failed to open your link: http://www.futureshop.ca/
2013-10-19 14:56:45,305 - ERROR - main : MainDriver - Open WebPage : Test Step Critical Failure
2013-10-19 14:56:45,334 - ERROR - main : MainDriver - Test Case Failed
2013-10-19 14:56:45,398 - INFO - main : MainDriver - Test Set Completed
2013-10-19 19:29:26,753 - INFO - __init__ : FWUpdate - Exception:No section: 'AutoUpdate'
2013-10-19 19:29:26,806 - INFO - UpdateProcess : FWUpdate - Framework update check is disabled
2013-10-19 19:30:45,117 - INFO - main : MainDriver - Database connection successful
2013-10-19 19:30:45,341 - INFO - main : MainDriver - Running Test cases from Test Set : [('Sat-Oct-19-19:30:40-2013', 'FIL-0033', 'sazid', 'Windows post2008Server - 64', 'FireFox(V24.0;32Bit),IE(V10;32Bit),Chrome(V30;32Bit)', 'Default', None)]
2013-10-19 19:30:45,459 - INFO - main : MainDriver - Running Test cases from list : [('FIL-0033',)]
2013-10-19 19:30:45,533 - INFO - main : MainDriver - -------------*************--------------
2013-10-19 19:30:45,608 - INFO - main : MainDriver - Running Test case id : FIL-0033 :: [('new menu selection',)]
2013-10-19 19:30:45,684 - INFO - main : MainDriver - Step : Open Browser
2013-10-19 19:30:45,727 - INFO - ExecuteTestSteps : Sub_Driver_Futureshop - Opening browser
2013-10-19 19:30:56,483 - INFO - BrowserSelection : WebProgram - Started Firefox Browser
2013-10-19 19:30:56,720 - INFO - main : MainDriver - Open Browser : Test Step Passed
2013-10-19 19:30:56,749 - INFO - main : MainDriver - Step : Open WebPage
2013-10-19 19:31:01,003 - ERROR - OpenLink : WebProgram - Failed to open your link: http://www.futureshop.ca/
2013-10-19 19:31:01,154 - ERROR - main : MainDriver - Open WebPage : Test Step Critical Failure
2013-10-19 19:31:01,184 - ERROR - main : MainDriver - Test Case Failed
2013-10-19 19:31:01,286 - INFO - main : MainDriver - Test Set Completed
2013-10-19 19:36:56,844 - INFO - main : MainDriver - Database connection successful
2013-10-19 19:36:56,999 - INFO - main : MainDriver - Running Test cases from Test Set : [('Sat-Oct-19-19:36:56-2013', 'FIL-0033', 'sazid', 'Windows post2008Server - 64', 'FireFox(V24.0;32Bit),IE(V10;32Bit),Chrome(V30;32Bit)', 'Default', None)]
2013-10-19 19:36:57,065 - INFO - main : MainDriver - Running Test cases from list : [('FIL-0033',)]
2013-10-19 19:36:57,118 - INFO - main : MainDriver - -------------*************--------------
2013-10-19 19:36:57,164 - INFO - main : MainDriver - Running Test case id : FIL-0033 :: [('new menu selection',)]
2013-10-19 19:36:57,230 - INFO - main : MainDriver - Step : Open Browser
2013-10-19 19:36:57,267 - INFO - ExecuteTestSteps : Sub_Driver_Futureshop - Opening browser
2013-10-19 19:37:04,154 - INFO - BrowserSelection : WebProgram - Started Firefox Browser
2013-10-19 19:37:04,348 - INFO - main : MainDriver - Open Browser : Test Step Passed
2013-10-19 19:37:04,437 - INFO - main : MainDriver - Step : Open WebPage
2013-10-19 19:37:20,908 - INFO - OpenLink : WebProgram - Successfully opened your link: http://www.futureshop.ca/
2013-10-19 19:37:21,135 - INFO - main : MainDriver - Open WebPage : Test Step Passed
2013-10-19 19:37:21,167 - INFO - main : MainDriver - Test Case Passed
2013-10-19 19:37:21,217 - INFO - main : MainDriver - Test Set Completed
2013-10-19 23:23:56,401 - INFO - __init__ : FWUpdate - Exception:No section: 'AutoUpdate'
2013-10-19 23:23:56,426 - INFO - UpdateProcess : FWUpdate - Framework update check is disabled
2013-10-21 12:18:23,071 - INFO - __init__ : FWUpdate - Exception:No section: 'AutoUpdate'
2013-10-24 18:41:16,812 - INFO - __init__ : FWUpdate - Exception:No section: 'AutoUpdate'
2013-10-24 18:41:20,036 - INFO - UpdateProcess : FWUpdate - Framework update check is disabled
2013-10-27 20:22:49,078 - INFO - __init__ : FWUpdate - Exception:No section: 'AutoUpdate'
2013-10-27 20:22:54,963 - INFO - UpdateProcess : FWUpdate - Framework update check is disabled
2013-12-09 05:25:30,088 - INFO - __init__ : FWUpdate - Exception:No section: 'AutoUpdate'
2013-12-09 05:25:30,131 - INFO - UpdateProcess : FWUpdate - Framework update check is disabled
2013-12-09 05:27:26,105 - INFO - __init__ : FWUpdate - Exception:No section: 'AutoUpdate'
2013-12-09 05:27:26,130 - INFO - UpdateProcess : FWUpdate - Framework update check is disabled
2013-12-09 05:30:36,756 - INFO - __init__ : FWUpdate - Exception:No section: 'AutoUpdate'
2013-12-09 05:30:37,678 - INFO - UpdateProcess : FWUpdate - Framework update check is disabled
2013-12-09 05:44:26,931 - INFO - __init__ : FWUpdate - Exception:No section: 'AutoUpdate'
2013-12-09 05:44:26,960 - INFO - UpdateProcess : FWUpdate - Framework update check is disabled
2013-12-09 05:44:48,990 - INFO - main : MainDriver - Database connection successful
2013-12-09 05:44:49,167 - INFO - main : MainDriver - Running Test cases from Test Set : [('Mon-Dec-9-05:44:43-2013', 'Demo Chrome(V31;32Bit)', 'lent400', 'Windows 7 - 64', 'Chrome(V31;32Bit)', 'Default', None)]
2013-12-09 05:44:49,306 - INFO - main : MainDriver - Running Test cases from list : [('FIL-0154',), ('FIL-0156',), ('PRO-0152',), ('PRO-0155',)]
2013-12-09 05:44:49,338 - INFO - main : MainDriver - -------------*************--------------
2013-12-09 05:44:49,368 - INFO - main : MainDriver - Running Test case id : FIL-0154 :: [('Navigate to Gaming and select On Sale items',)]
2013-12-09 05:44:49,584 - INFO - main : MainDriver - Step : Open Browser
2013-12-09 05:44:49,707 - ERROR - main : MainDriver - Exception occurred in test step : ExecuteTestSteps() takes exactly 7 arguments (6 given)
2013-12-09 05:44:49,996 - ERROR - main : MainDriver - Open Browser : Test Step Critical Failure
2013-12-09 05:44:50,052 - ERROR - main : MainDriver - Test Case Failed
2013-12-09 05:44:50,187 - INFO - main : MainDriver - -------------*************--------------
2013-12-09 05:44:50,221 - INFO - main : MainDriver - Running Test case id : FIL-0156 :: [('Navigate to Gaming and select On Sale items Verify count',)]
2013-12-09 05:44:50,259 - INFO - main : MainDriver - Step : Open Browser
2013-12-09 05:44:50,332 - ERROR - main : MainDriver - Exception occurred in test step : ExecuteTestSteps() takes exactly 7 arguments (6 given)
2013-12-09 05:44:50,490 - ERROR - main : MainDriver - Open Browser : Test Step Critical Failure
2013-12-09 05:44:50,523 - ERROR - main : MainDriver - Test Case Failed
2013-12-09 05:44:50,581 - INFO - main : MainDriver - -------------*************--------------
2013-12-09 05:44:50,608 - INFO - main : MainDriver - Running Test case id : PRO-0152 :: [('Verify Z30 Product Detail',)]
2013-12-09 05:44:50,641 - INFO - main : MainDriver - Step : Open Browser
2013-12-09 05:44:50,677 - ERROR - main : MainDriver - Exception occurred in test step : ExecuteTestSteps() takes exactly 7 arguments (6 given)
2013-12-09 05:44:50,835 - ERROR - main : MainDriver - Open Browser : Test Step Critical Failure
2013-12-09 05:44:50,867 - ERROR - main : MainDriver - Test Case Failed
2013-12-09 05:44:50,913 - INFO - main : MainDriver - -------------*************--------------
2013-12-09 05:44:50,946 - INFO - main : MainDriver - Running Test case id : PRO-0155 :: [('Verify Z30 Product Detail Fail With Price',)]
2013-12-09 05:44:50,977 - INFO - main : MainDriver - Step : Open Browser
2013-12-09 05:44:51,007 - ERROR - main : MainDriver - Exception occurred in test step : ExecuteTestSteps() takes exactly 7 arguments (6 given)
2013-12-09 05:44:51,168 - ERROR - main : MainDriver - Open Browser : Test Step Critical Failure
2013-12-09 05:44:51,200 - ERROR - main : MainDriver - Test Case Failed
2013-12-09 05:44:51,282 - INFO - main : MainDriver - Test Set Completed
2013-12-09 05:46:50,519 - INFO - __init__ : FWUpdate - Exception:No section: 'AutoUpdate'
2013-12-09 05:46:50,559 - INFO - UpdateProcess : FWUpdate - Framework update check is disabled
2013-12-09 05:47:00,937 - INFO - main : MainDriver - Database connection successful
2013-12-09 05:47:00,986 - INFO - main : MainDriver - Running Test cases from Test Set : [('Mon-Dec-9-05:46:57-2013', 'Futureshop Chrome(V31;32Bit)', 'lent400', 'Windows 7 - 64', 'Chrome(V31;32Bit)', 'Default', None)]
2013-12-09 05:47:01,105 - INFO - main : MainDriver - Running Test cases from list : [('FIL-0032',), ('FIL-0154',), ('FIL-0156',), ('PRO-0050',), ('PRO-0053',), ('PRO-0063',), ('PRO-0152',), ('PRO-0155',)]
2013-12-09 05:47:01,154 - INFO - main : MainDriver - -------------*************--------------
2013-12-09 05:47:01,198 - INFO - main : MainDriver - Running Test case id : FIL-0032 :: [('Selecting Menu',)]
2013-12-09 05:47:01,276 - INFO - main : MainDriver - Step : Open Browser
2013-12-09 05:47:01,361 - ERROR - main : MainDriver - Exception occurred in test step : ExecuteTestSteps() takes exactly 7 arguments (6 given)
2013-12-09 05:47:01,599 - ERROR - main : MainDriver - Open Browser : Test Step Critical Failure
2013-12-09 05:47:01,644 - ERROR - main : MainDriver - Test Case Failed
2013-12-09 05:47:01,721 - INFO - main : MainDriver - -------------*************--------------
2013-12-09 05:47:01,765 - INFO - main : MainDriver - Running Test case id : FIL-0154 :: [('Navigate to Gaming and select On Sale items',)]
2013-12-09 05:47:01,813 - INFO - main : MainDriver - Step : Open Browser
2013-12-09 05:47:01,865 - ERROR - main : MainDriver - Exception occurred in test step : ExecuteTestSteps() takes exactly 7 arguments (6 given)
2013-12-09 05:47:02,055 - ERROR - main : MainDriver - Open Browser : Test Step Critical Failure
2013-12-09 05:47:02,099 - ERROR - main : MainDriver - Test Case Failed
2013-12-09 05:47:02,173 - INFO - main : MainDriver - -------------*************--------------
2013-12-09 05:47:02,214 - INFO - main : MainDriver - Running Test case id : FIL-0156 :: [('Navigate to Gaming and select On Sale items Verify count',)]
2013-12-09 05:47:02,266 - INFO - main : MainDriver - Step : Open Browser
2013-12-09 05:47:02,318 - ERROR - main : MainDriver - Exception occurred in test step : ExecuteTestSteps() takes exactly 7 arguments (6 given)
2013-12-09 05:47:02,530 - ERROR - main : MainDriver - Open Browser : Test Step Critical Failure
2013-12-09 05:47:02,575 - ERROR - main : MainDriver - Test Case Failed
2013-12-09 05:47:02,648 - INFO - main : MainDriver - -------------*************--------------
2013-12-09 05:47:02,693 - INFO - main : MainDriver - Running Test case id : PRO-0050 :: [('simple test case',)]
2013-12-09 05:47:02,746 - INFO - main : MainDriver - Step : Open Browser
2013-12-09 05:47:02,792 - ERROR - main : MainDriver - Exception occurred in test step : ExecuteTestSteps() takes exactly 7 arguments (6 given)
2013-12-09 05:47:02,990 - ERROR - main : MainDriver - Open Browser : Test Step Critical Failure
2013-12-09 05:47:03,039 - ERROR - main : MainDriver - Test Case Failed
2013-12-09 05:47:03,111 - INFO - main : MainDriver - -------------*************--------------
2013-12-09 05:47:03,153 - INFO - main : MainDriver - Running Test case id : PRO-0053 :: [('search for an item and verify the detail',)]
2013-12-09 05:47:03,219 - INFO - main : MainDriver - Step : Open Browser
2013-12-09 05:47:03,263 - ERROR - main : MainDriver - Exception occurred in test step : ExecuteTestSteps() takes exactly 7 arguments (6 given)
2013-12-09 05:47:03,484 - ERROR - main : MainDriver - Open Browser : Test Step Critical Failure
2013-12-09 05:47:03,532 - ERROR - main : MainDriver - Test Case Failed
2013-12-09 05:47:03,654 - INFO - main : MainDriver - -------------*************--------------
2013-12-09 05:47:03,697 - INFO - main : MainDriver - Running Test case id : PRO-0063 :: [('search for an item and verify the detail testing with new jsquery',)]
2013-12-09 05:47:03,747 - INFO - main : MainDriver - Step : Open Browser
2013-12-09 05:47:03,792 - ERROR - main : MainDriver - Exception occurred in test step : ExecuteTestSteps() takes exactly 7 arguments (6 given)
2013-12-09 05:47:03,989 - ERROR - main : MainDriver - Open Browser : Test Step Critical Failure
2013-12-09 05:47:04,039 - ERROR - main : MainDriver - Test Case Failed
2013-12-09 05:47:04,115 - INFO - main : MainDriver - -------------*************--------------
2013-12-09 05:47:04,161 - INFO - main : MainDriver - Running Test case id : PRO-0152 :: [('Verify Z30 Product Detail',)]
2013-12-09 05:47:04,213 - INFO - main : MainDriver - Step : Open Browser
2013-12-09 05:47:04,262 - ERROR - main : MainDriver - Exception occurred in test step : ExecuteTestSteps() takes exactly 7 arguments (6 given)
2013-12-09 05:47:04,454 - ERROR - main : MainDriver - Open Browser : Test Step Critical Failure
2013-12-09 05:47:04,500 - ERROR - main : MainDriver - Test Case Failed
2013-12-09 05:47:04,573 - INFO - main : MainDriver - -------------*************--------------
2013-12-09 05:47:04,619 - INFO - main : MainDriver - Running Test case id : PRO-0155 :: [('Verify Z30 Product Detail Fail With Price',)]
2013-12-09 05:47:04,671 - INFO - main : MainDriver - Step : Open Browser
2013-12-09 05:47:04,736 - ERROR - main : MainDriver - Exception occurred in test step : ExecuteTestSteps() takes exactly 7 arguments (6 given)
2013-12-09 05:47:04,924 - ERROR - main : MainDriver - Open Browser : Test Step Critical Failure
2013-12-09 05:47:04,970 - ERROR - main : MainDriver - Test Case Failed
2013-12-09 05:47:05,049 - INFO - main : MainDriver - Test Set Completed
2013-12-09 05:47:43,026 - INFO - main : MainDriver - Database connection successful
2013-12-09 05:47:43,055 - INFO - main : MainDriver - Running Test cases from Test Set : [('Mon-Dec-9-05:47:42-2013', 'Failed_Rerun_Futureshop Chrome(V31;32Bit)', 'lent400', 'Windows 7 - 64', 'Chrome(V31;32Bit)', 'Default', None)]
2013-12-09 05:47:43,108 - WARNING - main : MainDriver - No test cases found for the current user : lent400
2013-12-10 02:20:31,976 - INFO - main : MainDriver - Database connection successful
2013-12-10 02:20:32,259 - WARNING - main : MainDriver - No Test Run Schedule found for the current user : lent400
2013-12-10 02:21:54,299 - INFO - __init__ : FWUpdate - Exception:No section: 'AutoUpdate'
2013-12-10 02:21:54,328 - INFO - UpdateProcess : FWUpdate - Framework update check is disabled
2013-12-10 02:22:20,045 - INFO - main : MainDriver - Database connection successful
2013-12-10 02:22:20,089 - INFO - main : MainDriver - Running Test cases from Test Set : [('Tue-Dec-10-02:22:19-2013', 'Filters Chrome(V31;32Bit)', 'lent400', 'Windows 7 - 64', 'Chrome(V31;32Bit)', 'Default', None)]
2013-12-10 02:22:20,194 - INFO - main : MainDriver - Running Test cases from list : [('FIL-0032',), ('FIL-0154',), ('FIL-0156',)]
2013-12-10 02:22:20,223 - INFO - main : MainDriver - -------------*************--------------
2013-12-10 02:22:20,252 - INFO - main : MainDriver - Running Test case id : FIL-0032 :: [('Selecting Menu',)]
2013-12-10 02:22:20,525 - INFO - main : MainDriver - Step : Open Browser
2013-12-10 02:22:20,654 - INFO - ExecuteTestSteps : Sub_Driver_Futureshop - Opening browser
2013-12-10 02:22:21,809 - INFO - BrowserSelection : WebProgram - Started Chrome Browser
2013-12-10 02:22:22,069 - INFO - main : MainDriver - Open Browser : Test Step Passed
2013-12-10 02:22:22,161 - INFO - main : MainDriver - Step : Open Futureshop
2013-12-10 02:22:22,194 - INFO - ExecuteTestSteps : Sub_Driver_Futureshop - Opening futureshop site
2013-12-10 02:22:45,565 - INFO - OpenLink : WebProgram - Successfully opened your link: http://www.futureshop.ca
2013-12-10 02:22:45,826 - INFO - main : MainDriver - Open Futureshop : Test Step Passed
2013-12-10 02:22:45,858 - INFO - main : MainDriver - Step : Select Main Menu
2013-12-10 02:22:45,890 - ERROR - main : MainDriver - Exception occurred in test step : ExecuteTestSteps() takes exactly 7 arguments (6 given)
2013-12-10 02:22:46,059 - ERROR - main : MainDriver - Select Main Menu : Test Step Critical Failure
2013-12-10 02:22:46,092 - ERROR - main : MainDriver - Test Case Failed
2013-12-10 02:22:46,288 - INFO - main : MainDriver - -------------*************--------------
2013-12-10 02:22:46,315 - INFO - main : MainDriver - Running Test case id : FIL-0154 :: [('Navigate to Gaming and select On Sale items',)]
2013-12-10 02:22:46,355 - INFO - main : MainDriver - Step : Open Browser
2013-12-10 02:22:46,394 - INFO - ExecuteTestSteps : Sub_Driver_Futureshop - Opening browser
2013-12-10 02:22:48,937 - INFO - BrowserSelection : WebProgram - Started Chrome Browser
2013-12-10 02:22:49,098 - INFO - main : MainDriver - Open Browser : Test Step Passed
2013-12-10 02:22:49,131 - INFO - main : MainDriver - Step : Open WebPage
2013-12-10 02:22:49,164 - ERROR - main : MainDriver - Exception occurred in test step : ExecuteTestSteps() takes exactly 7 arguments (6 given)
2013-12-10 02:22:49,303 - ERROR - main : MainDriver - Open WebPage : Test Step Critical Failure
2013-12-10 02:22:49,341 - ERROR - main : MainDriver - Test Case Failed
2013-12-10 02:22:49,405 - INFO - main : MainDriver - -------------*************--------------
2013-12-10 02:22:49,453 - INFO - main : MainDriver - Running Test case id : FIL-0156 :: [('Navigate to Gaming and select On Sale items Verify count',)]
2013-12-10 02:22:49,489 - INFO - main : MainDriver - Step : Open Browser
2013-12-10 02:22:49,523 - INFO - ExecuteTestSteps : Sub_Driver_Futureshop - Opening browser
2013-12-10 02:22:51,967 - INFO - BrowserSelection : WebProgram - Started Chrome Browser
2013-12-10 02:22:52,188 - INFO - main : MainDriver - Open Browser : Test Step Passed
2013-12-10 02:22:52,230 - INFO - main : MainDriver - Step : Open WebPage
2013-12-10 02:22:52,259 - ERROR - main : MainDriver - Exception occurred in test step : ExecuteTestSteps() takes exactly 7 arguments (6 given)
2013-12-10 02:22:52,411 - ERROR - main : MainDriver - Open WebPage : Test Step Critical Failure
2013-12-10 02:22:52,456 - ERROR - main : MainDriver - Test Case Failed
2013-12-10 02:22:52,561 - INFO - main : MainDriver - Test Set Completed
2013-12-10 18:28:02,823 - INFO - __init__ : FWUpdate - Exception:No section: 'AutoUpdate'
2013-12-10 18:28:02,848 - INFO - UpdateProcess : FWUpdate - Framework update check is disabled
2013-12-10 18:28:16,029 - INFO - main : MainDriver - Database connection successful
2013-12-10 18:28:16,056 - ERROR - main : MainDriver - User don't have permission to run the tests
2013-12-10 23:57:18,118 - INFO - __init__ : FWUpdate - Exception:No section: 'AutoUpdate'
2013-12-10 23:57:18,211 - INFO - UpdateProcess : FWUpdate - Framework update check is disabled
2013-12-10 23:57:31,829 - INFO - main : MainDriver - Database connection successful
2013-12-10 23:57:34,240 - ERROR - main : MainDriver - User don't have permission to run the tests
2013-12-11 02:10:06,062 - INFO - __init__ : FWUpdate - Exception:No section: 'AutoUpdate'
2013-12-11 02:10:06,101 - INFO - UpdateProcess : FWUpdate - Framework update check is disabled
2013-12-11 02:10:14,209 - INFO - main : MainDriver - Database connection successful
2013-12-11 02:10:14,342 - WARNING - main : MainDriver - No Test Run Schedule found for the current user : lent400
2013-12-11 02:11:55,417 - INFO - main : MainDriver - Database connection successful
2013-12-11 02:11:55,486 - WARNING - main : MainDriver - No Test Run Schedule found for the current user : lent400
2013-12-11 02:13:38,484 - INFO - main : MainDriver - Database connection successful
2013-12-11 02:13:38,516 - INFO - main : MainDriver - Running Test cases from Test Set : [('Wed-Dec-11-02:13:37-2013', 'Filters Firefox', 'lent400', 'Windows 7 - 64', 'Firefox', 'Default', None)]
2013-12-11 02:13:38,644 - INFO - main : MainDriver - Running Test cases from list : [('FIL-0032',), ('FIL-0154',), ('FIL-0156',)]
2013-12-11 02:13:38,673 - INFO - main : MainDriver - -------------*************--------------
2013-12-11 02:13:38,700 - INFO - main : MainDriver - Running Test case id : FIL-0032 :: [('Selecting Menu',)]
2013-12-11 02:13:38,900 - INFO - main : MainDriver - Step : Open Browser
2013-12-11 02:13:39,010 - INFO - ExecuteTestSteps : Futureshop - Opening browser
2013-12-11 02:13:44,828 - INFO - BrowserSelection : WebProgram - Started Firefox Browser
2013-12-11 02:13:45,101 - INFO - main : MainDriver - Open Browser : Test Step Passed
2013-12-11 02:13:45,177 - INFO - main : MainDriver - Step : Open Futureshop
2013-12-11 02:13:45,230 - INFO - ExecuteTestSteps : Futureshop - Opening futureshop site
2013-12-11 02:14:08,703 - INFO - OpenLink : WebProgram - Successfully opened your link: http://www.futureshop.ca
2013-12-11 02:14:08,940 - INFO - main : MainDriver - Open Futureshop : Test Step Passed
2013-12-11 02:14:08,971 - INFO - main : MainDriver - Step : Select Main Menu
2013-12-11 02:14:13,263 - INFO - SelectFirstLevelMenu : WebProgram - Found your main menu item: Departments
2013-12-11 02:14:13,391 - INFO - SelectFirstLevelMenu : WebProgram - Hovering over to your main menu: Departments
2013-12-11 02:14:13,421 - INFO - SelectFirstLevelMenu : WebProgram - Successfully hovered over your main menu: Departments
2013-12-11 02:14:13,641 - INFO - main : MainDriver - Select Main Menu : Test Step Passed
2013-12-11 02:14:13,671 - INFO - main : MainDriver - Test Case Passed
2013-12-11 02:14:13,779 - INFO - main : MainDriver - -------------*************--------------
2013-12-11 02:14:13,808 - INFO - main : MainDriver - Running Test case id : FIL-0154 :: [('Navigate to Gaming and select On Sale items',)]
2013-12-11 02:14:13,849 - INFO - main : MainDriver - Step : Open Browser
2013-12-11 02:14:13,878 - INFO - ExecuteTestSteps : Futureshop - Opening browser
2013-12-11 02:14:23,292 - INFO - BrowserSelection : WebProgram - Started Firefox Browser
2013-12-11 02:14:23,440 - INFO - main : MainDriver - Open Browser : Test Step Passed
2013-12-11 02:14:23,470 - INFO - main : MainDriver - Step : Open WebPage
2013-12-11 02:14:41,263 - INFO - OpenLink : WebProgram - Successfully opened your link: http://www.futureshop.ca
2013-12-11 02:14:41,490 - INFO - main : MainDriver - Open WebPage : Test Step Passed
2013-12-11 02:14:41,523 - INFO - main : MainDriver - Step : Select Main Menu
2013-12-11 02:14:45,734 - INFO - SelectFirstLevelMenu : WebProgram - Found your main menu item: Departments
2013-12-11 02:14:45,864 - INFO - SelectFirstLevelMenu : WebProgram - Hovering over to your main menu: Departments
2013-12-11 02:14:45,891 - INFO - SelectFirstLevelMenu : WebProgram - Successfully hovered over your main menu: Departments
2013-12-11 02:14:46,165 - INFO - main : MainDriver - Select Main Menu : Test Step Passed
2013-12-11 02:14:46,198 - INFO - main : MainDriver - Step : Select Sub Menu 1
2013-12-11 02:14:53,657 - ERROR - SelectSecondLevelMenu : WebProgram - Found the second level menu:  Gaming
2013-12-11 02:14:53,684 - INFO - SelectSecondLevelMenu : WebProgram - Hovering over to your second level menu: Gaming
2013-12-11 02:14:53,779 - INFO - SelectSecondLevelMenu : WebProgram - Successfully hovered over your second level menu: Gaming
2013-12-11 02:14:54,015 - INFO - main : MainDriver - Select Sub Menu 1 : Test Step Passed
2013-12-11 02:14:54,045 - INFO - main : MainDriver - Step : Select Sub Menu 2
2013-12-11 02:14:58,085 - ERROR - SelectThirdLevelMenu : WebProgram - Unable to find your item to click: PS3
2013-12-11 02:14:58,354 - ERROR - main : MainDriver - Select Sub Menu 2 : Test Step Critical Failure
2013-12-11 02:14:58,384 - ERROR - main : MainDriver - Test Case Failed
2013-12-11 02:14:58,569 - INFO - main : MainDriver - -------------*************--------------
2013-12-11 02:14:58,598 - INFO - main : MainDriver - Running Test case id : FIL-0156 :: [('Navigate to Gaming and select On Sale items Verify count',)]
2013-12-11 02:14:58,630 - INFO - main : MainDriver - Step : Open Browser
2013-12-11 02:14:58,663 - INFO - ExecuteTestSteps : Futureshop - Opening browser
2013-12-11 02:15:01,979 - INFO - BrowserSelection : WebProgram - Started Firefox Browser
2013-12-11 02:15:02,130 - INFO - main : MainDriver - Open Browser : Test Step Passed
2013-12-11 02:15:02,158 - INFO - main : MainDriver - Step : Open WebPage
2013-12-11 02:15:21,711 - INFO - OpenLink : WebProgram - Successfully opened your link: http://www.futureshop.ca
2013-12-11 02:15:21,937 - INFO - main : MainDriver - Open WebPage : Test Step Passed
2013-12-11 02:15:21,967 - INFO - main : MainDriver - Step : Select Main Menu
2013-12-11 02:15:26,164 - INFO - SelectFirstLevelMenu : WebProgram - Found your main menu item: Departments
2013-12-11 02:15:26,259 - INFO - SelectFirstLevelMenu : WebProgram - Hovering over to your main menu: Departments
2013-12-11 02:15:26,301 - INFO - SelectFirstLevelMenu : WebProgram - Successfully hovered over your main menu: Departments
2013-12-11 02:15:26,539 - INFO - main : MainDriver - Select Main Menu : Test Step Passed
2013-12-11 02:15:26,571 - INFO - main : MainDriver - Step : Select Sub Menu 1
2013-12-11 02:15:32,012 - ERROR - SelectSecondLevelMenu : WebProgram - Found the second level menu:  Gaming
2013-12-11 02:15:32,039 - INFO - SelectSecondLevelMenu : WebProgram - Hovering over to your second level menu: Gaming
2013-12-11 02:15:32,114 - INFO - SelectSecondLevelMenu : WebProgram - Successfully hovered over your second level menu: Gaming
2013-12-11 02:15:32,430 - INFO - main : MainDriver - Select Sub Menu 1 : Test Step Passed
2013-12-11 02:15:32,464 - INFO - main : MainDriver - Step : Select Sub Menu 2
2013-12-11 02:15:36,503 - ERROR - SelectThirdLevelMenu : WebProgram - Unable to find your item to click: PS3
2013-12-11 02:15:36,776 - ERROR - main : MainDriver - Select Sub Menu 2 : Test Step Critical Failure
2013-12-11 02:15:36,805 - ERROR - main : MainDriver - Test Case Failed
2013-12-11 02:15:36,980 - INFO - main : MainDriver - Test Set Completed
2013-12-11 09:40:25,608 - INFO - main : MainDriver - Database connection successful
2013-12-11 09:40:25,832 - INFO - __init__ : FWUpdate - Exception:No section: 'AutoUpdate'
2013-12-11 09:40:25,862 - WARNING - main : MainDriver - No Test Run Schedule found for the current user : lent400
2013-12-11 09:40:25,897 - INFO - UpdateProcess : FWUpdate - Framework update check is disabled
2013-12-11 09:43:46,229 - INFO - main : MainDriver - Database connection successful
2013-12-11 09:43:46,263 - INFO - main : MainDriver - Running Test cases from Test Set : [('Wed-Dec-11-09:43:45-2013', 'Filters Firefox', 'lent400', 'Windows 7 - 64', 'Firefox', 'Default', None)]
2013-12-11 09:43:46,342 - INFO - main : MainDriver - Running Test cases from list : [('FIL-0032',), ('FIL-0154',), ('FIL-0156',)]
2013-12-11 09:43:46,375 - INFO - main : MainDriver - -------------*************--------------
2013-12-11 09:43:46,411 - INFO - main : MainDriver - Running Test case id : FIL-0032 :: [('Selecting Menu',)]
2013-12-11 09:43:46,602 - INFO - main : MainDriver - Step : Open Browser
2013-12-11 09:43:46,716 - INFO - ExecuteTestSteps : Futureshop - Opening browser
2013-12-11 09:43:52,707 - INFO - BrowserSelection : WebProgram - Started Firefox Browser
2013-12-11 09:43:52,957 - INFO - main : MainDriver - Open Browser : Test Step Passed
2013-12-11 09:43:53,023 - INFO - main : MainDriver - Step : Open Futureshop
2013-12-11 09:43:53,058 - INFO - ExecuteTestSteps : Futureshop - Opening futureshop site
2013-12-11 09:44:12,036 - INFO - OpenLink : WebProgram - Successfully opened your link: http://www.futureshop.ca
2013-12-11 09:44:12,279 - INFO - main : MainDriver - Open Futureshop : Test Step Passed
2013-12-11 09:44:12,312 - INFO - main : MainDriver - Step : Select Main Menu
2013-12-11 09:44:16,638 - INFO - SelectFirstLevelMenu : WebProgram - Found your main menu item: Departments
2013-12-11 09:44:16,742 - INFO - SelectFirstLevelMenu : WebProgram - Hovering over to your main menu: Departments
2013-12-11 09:44:16,785 - INFO - SelectFirstLevelMenu : WebProgram - Successfully hovered over your main menu: Departments
2013-12-11 09:44:17,039 - INFO - main : MainDriver - Select Main Menu : Test Step Passed
2013-12-11 09:44:17,089 - INFO - main : MainDriver - Test Case Passed
2013-12-11 09:44:17,257 - INFO - main : MainDriver - -------------*************--------------
2013-12-11 09:44:17,289 - INFO - main : MainDriver - Running Test case id : FIL-0154 :: [('Navigate to Gaming and select On Sale items',)]
2013-12-11 09:44:17,319 - INFO - main : MainDriver - Step : Open Browser
2013-12-11 09:44:17,358 - INFO - ExecuteTestSteps : Futureshop - Opening browser
2013-12-11 09:44:25,897 - INFO - BrowserSelection : WebProgram - Started Firefox Browser
2013-12-11 09:44:26,051 - INFO - main : MainDriver - Open Browser : Test Step Passed
2013-12-11 09:44:26,084 - INFO - main : MainDriver - Step : Open WebPage
2013-12-11 09:44:52,292 - INFO - OpenLink : WebProgram - Successfully opened your link: http://www.futureshop.ca
2013-12-11 09:44:52,542 - INFO - main : MainDriver - Open WebPage : Test Step Passed
2013-12-11 09:44:52,575 - INFO - main : MainDriver - Step : Select Main Menu
2013-12-11 09:44:56,776 - INFO - SelectFirstLevelMenu : WebProgram - Found your main menu item: Departments
2013-12-11 09:44:56,877 - INFO - SelectFirstLevelMenu : WebProgram - Hovering over to your main menu: Departments
2013-12-11 09:44:56,910 - INFO - SelectFirstLevelMenu : WebProgram - Successfully hovered over your main menu: Departments
2013-12-11 09:44:57,191 - INFO - main : MainDriver - Select Main Menu : Test Step Passed
2013-12-11 09:44:57,240 - INFO - main : MainDriver - Step : Select Sub Menu 1
2013-12-11 09:45:02,302 - ERROR - SelectSecondLevelMenu : WebProgram - Found the second level menu:  Gaming
2013-12-11 09:45:02,331 - INFO - SelectSecondLevelMenu : WebProgram - Hovering over to your second level menu: Gaming
2013-12-11 09:45:02,443 - INFO - SelectSecondLevelMenu : WebProgram - Successfully hovered over your second level menu: Gaming
2013-12-11 09:45:02,782 - INFO - main : MainDriver - Select Sub Menu 1 : Test Step Passed
2013-12-11 09:45:02,815 - INFO - main : MainDriver - Step : Select Sub Menu 2
2013-12-11 09:45:06,855 - ERROR - SelectThirdLevelMenu : WebProgram - Unable to find your item to click: PS3
2013-12-11 09:45:07,170 - ERROR - main : MainDriver - Select Sub Menu 2 : Test Step Critical Failure
2013-12-11 09:45:07,201 - ERROR - main : MainDriver - Test Case Failed
2013-12-11 09:45:07,404 - INFO - main : MainDriver - -------------*************--------------
2013-12-11 09:45:07,434 - INFO - main : MainDriver - Running Test case id : FIL-0156 :: [('Navigate to Gaming and select On Sale items Verify count',)]
2013-12-11 09:45:07,480 - INFO - main : MainDriver - Step : Open Browser
2013-12-11 09:45:07,510 - INFO - ExecuteTestSteps : Futureshop - Opening browser
2013-12-11 09:45:11,414 - INFO - BrowserSelection : WebProgram - Started Firefox Browser
2013-12-11 09:45:11,566 - INFO - main : MainDriver - Open Browser : Test Step Passed
2013-12-11 09:45:11,601 - INFO - main : MainDriver - Step : Open WebPage
2013-12-11 09:45:31,686 - INFO - OpenLink : WebProgram - Successfully opened your link: http://www.futureshop.ca
2013-12-11 09:45:31,915 - INFO - main : MainDriver - Open WebPage : Test Step Passed
2013-12-11 09:45:31,950 - INFO - main : MainDriver - Step : Select Main Menu
2013-12-11 09:45:36,153 - INFO - SelectFirstLevelMenu : WebProgram - Found your main menu item: Departments
2013-12-11 09:45:36,249 - INFO - SelectFirstLevelMenu : WebProgram - Hovering over to your main menu: Departments
2013-12-11 09:45:36,288 - INFO - SelectFirstLevelMenu : WebProgram - Successfully hovered over your main menu: Departments
2013-12-11 09:45:36,529 - INFO - main : MainDriver - Select Main Menu : Test Step Passed
2013-12-11 09:45:36,585 - INFO - main : MainDriver - Step : Select Sub Menu 1
2013-12-11 09:45:43,338 - ERROR - SelectSecondLevelMenu : WebProgram - Found the second level menu:  Gaming
2013-12-11 09:45:43,423 - INFO - SelectSecondLevelMenu : WebProgram - Hovering over to your second level menu: Gaming
2013-12-11 09:45:43,506 - INFO - SelectSecondLevelMenu : WebProgram - Successfully hovered over your second level menu: Gaming
2013-12-11 09:45:43,780 - INFO - main : MainDriver - Select Sub Menu 1 : Test Step Passed
2013-12-11 09:45:43,811 - INFO - main : MainDriver - Step : Select Sub Menu 2
2013-12-11 09:45:47,878 - ERROR - SelectThirdLevelMenu : WebProgram - Unable to find your item to click: PS3
2013-12-11 09:45:48,165 - ERROR - main : MainDriver - Select Sub Menu 2 : Test Step Critical Failure
2013-12-11 09:45:48,197 - ERROR - main : MainDriver - Test Case Failed
2013-12-11 09:45:48,494 - INFO - main : MainDriver - Test Set Completed
2013-12-11 09:52:29,165 - INFO - main : MainDriver - Database connection successful
2013-12-11 09:52:29,223 - INFO - main : MainDriver - Running Test cases from Test Set : [('Wed-Dec-11-09:52:28-2013', 'Failed_Rerun_Filters Firefox', 'lent400', 'Windows 7 - 64', 'Firefox', 'Default', None)]
2013-12-11 09:52:29,328 - INFO - main : MainDriver - Running Test cases from list : [('FIL-0154',), ('FIL-0156',)]
2013-12-11 09:52:29,444 - INFO - main : MainDriver - -------------*************--------------
2013-12-11 09:52:29,549 - INFO - main : MainDriver - Running Test case id : FIL-0154 :: [('Navigate to Gaming and select On Sale items',)]
2013-12-11 09:52:29,615 - INFO - main : MainDriver - Step : Open Browser
2013-12-11 09:52:29,691 - INFO - ExecuteTestSteps : Futureshop - Opening browser
2013-12-11 09:52:36,204 - INFO - BrowserSelection : WebProgram - Started Firefox Browser
2013-12-11 09:52:36,454 - INFO - main : MainDriver - Open Browser : Test Step Passed
2013-12-11 09:52:36,573 - INFO - main : MainDriver - Step : Open WebPage
2013-12-11 09:52:41,904 - ERROR - OpenLink : WebProgram - Failed to open your link: http://www.futureshop.ca
2013-12-11 09:52:42,467 - ERROR - main : MainDriver - Open WebPage : Test Step Critical Failure
2013-12-11 09:52:42,634 - ERROR - main : MainDriver - Test Case Failed
2013-12-11 09:52:42,914 - INFO - main : MainDriver - -------------*************--------------
2013-12-11 09:52:43,040 - INFO - main : MainDriver - Running Test case id : FIL-0156 :: [('Navigate to Gaming and select On Sale items Verify count',)]
2013-12-11 09:52:43,177 - INFO - main : MainDriver - Step : Open Browser
2013-12-11 09:52:43,259 - INFO - ExecuteTestSteps : Futureshop - Opening browser
2013-12-11 09:52:49,621 - INFO - BrowserSelection : WebProgram - Started Firefox Browser
2013-12-11 09:52:49,960 - INFO - main : MainDriver - Open Browser : Test Step Passed
2013-12-11 09:52:50,013 - INFO - main : MainDriver - Step : Open WebPage
2013-12-11 09:52:51,005 - ERROR - OpenLink : WebProgram - Failed to open your link: http://www.futureshop.ca
2013-12-11 09:52:51,584 - ERROR - main : MainDriver - Open WebPage : Test Step Critical Failure
2013-12-11 09:52:51,690 - ERROR - main : MainDriver - Test Case Failed
2013-12-11 09:52:52,252 - INFO - main : MainDriver - Test Set Completed
2013-12-11 23:57:55,503 - INFO - main : MainDriver - Database connection successful
2013-12-11 23:57:55,690 - WARNING - main : MainDriver - No Test Run Schedule found for the current user : lent400
2013-12-11 23:57:59,086 - INFO - __init__ : FWUpdate - Exception:No section: 'AutoUpdate'
2013-12-11 23:57:59,112 - INFO - UpdateProcess : FWUpdate - Framework update check is disabled
2013-12-11 23:58:49,279 - INFO - main : MainDriver - Database connection successful
2013-12-11 23:58:49,311 - INFO - main : MainDriver - Running Test cases from Test Set : [('Wed-Dec-11-23:58:47-2013', 'Futureshop Firefox', 'lent400', 'Windows 7 - 64', 'Firefox', 'Default', None)]
2013-12-11 23:58:49,377 - INFO - main : MainDriver - Running Test cases from list : [('FIL-0032',), ('FIL-0154',), ('FIL-0156',), ('PRO-0050',), ('PRO-0053',), ('PRO-0063',), ('PRO-0152',), ('PRO-0155',)]
2013-12-11 23:58:49,407 - INFO - main : MainDriver - -------------*************--------------
2013-12-11 23:58:49,446 - INFO - main : MainDriver - Running Test case id : FIL-0032 :: [('Selecting Menu',)]
2013-12-11 23:58:49,765 - INFO - main : MainDriver - Step : Open Browser
2013-12-11 23:58:49,881 - INFO - ExecuteTestSteps : Futureshop - Opening browser
2013-12-11 23:58:54,858 - INFO - BrowserSelection : WebProgram - Started Firefox Browser
2013-12-11 23:58:55,124 - INFO - main : MainDriver - Open Browser : Test Step Passed
2013-12-11 23:58:55,194 - INFO - main : MainDriver - Step : Open Futureshop
2013-12-11 23:58:55,223 - INFO - ExecuteTestSteps : Futureshop - Opening futureshop site
2013-12-11 23:59:17,890 - INFO - OpenLink : WebProgram - Successfully opened your link: http://www.futureshop.ca
2013-12-11 23:59:18,137 - INFO - main : MainDriver - Open Futureshop : Test Step Passed
2013-12-11 23:59:18,171 - INFO - main : MainDriver - Step : Select Main Menu
2013-12-11 23:59:22,487 - INFO - SelectFirstLevelMenu : WebProgram - Found your main menu item: Departments
2013-12-11 23:59:22,575 - INFO - SelectFirstLevelMenu : WebProgram - Hovering over to your main menu: Departments
2013-12-11 23:59:22,611 - INFO - SelectFirstLevelMenu : WebProgram - Successfully hovered over your main menu: Departments
2013-12-11 23:59:22,859 - INFO - main : MainDriver - Select Main Menu : Test Step Passed
2013-12-11 23:59:22,890 - INFO - main : MainDriver - Test Case Passed
2013-12-11 23:59:22,993 - INFO - main : MainDriver - -------------*************--------------
2013-12-11 23:59:23,019 - INFO - main : MainDriver - Running Test case id : FIL-0154 :: [('Navigate to Gaming and select On Sale items',)]
2013-12-11 23:59:23,052 - INFO - main : MainDriver - Step : Open Browser
2013-12-11 23:59:23,082 - INFO - ExecuteTestSteps : Futureshop - Opening browser
2013-12-11 23:59:29,328 - INFO - BrowserSelection : WebProgram - Started Firefox Browser
2013-12-11 23:59:29,507 - INFO - main : MainDriver - Open Browser : Test Step Passed
2013-12-11 23:59:29,549 - INFO - main : MainDriver - Step : Open WebPage
2013-12-11 23:59:47,617 - INFO - OpenLink : WebProgram - Successfully opened your link: http://www.futureshop.ca
2013-12-11 23:59:47,907 - INFO - main : MainDriver - Open WebPage : Test Step Passed
2013-12-11 23:59:47,937 - INFO - main : MainDriver - Step : Select Main Menu
2013-12-11 23:59:52,137 - INFO - SelectFirstLevelMenu : WebProgram - Found your main menu item: Departments
2013-12-11 23:59:52,223 - INFO - SelectFirstLevelMenu : WebProgram - Hovering over to your main menu: Departments
2013-12-11 23:59:52,265 - INFO - SelectFirstLevelMenu : WebProgram - Successfully hovered over your main menu: Departments
2013-12-11 23:59:52,522 - INFO - main : MainDriver - Select Main Menu : Test Step Passed
2013-12-11 23:59:52,555 - INFO - main : MainDriver - Step : Select Sub Menu 1
2013-12-11 23:59:57,700 - ERROR - SelectSecondLevelMenu : WebProgram - Found the second level menu:  Gaming
2013-12-11 23:59:57,727 - INFO - SelectSecondLevelMenu : WebProgram - Hovering over to your second level menu: Gaming
2013-12-11 23:59:57,809 - INFO - SelectSecondLevelMenu : WebProgram - Successfully hovered over your second level menu: Gaming
2013-12-11 23:59:58,095 - INFO - main : MainDriver - Select Sub Menu 1 : Test Step Passed
2013-12-11 23:59:58,124 - INFO - main : MainDriver - Step : Select Sub Menu 2
2013-12-12 00:00:02,164 - ERROR - SelectThirdLevelMenu : WebProgram - Unable to find your item to click: PS3
2013-12-12 00:00:02,459 - ERROR - main : MainDriver - Select Sub Menu 2 : Test Step Critical Failure
2013-12-12 00:00:02,489 - ERROR - main : MainDriver - Test Case Failed
2013-12-12 00:00:02,680 - INFO - main : MainDriver - -------------*************--------------
2013-12-12 00:00:02,710 - INFO - main : MainDriver - Running Test case id : FIL-0156 :: [('Navigate to Gaming and select On Sale items Verify count',)]
2013-12-12 00:00:02,743 - INFO - main : MainDriver - Step : Open Browser
2013-12-12 00:00:02,773 - INFO - ExecuteTestSteps : Futureshop - Opening browser
2013-12-12 00:00:06,112 - INFO - BrowserSelection : WebProgram - Started Firefox Browser
2013-12-12 00:00:06,259 - INFO - main : MainDriver - Open Browser : Test Step Passed
2013-12-12 00:00:06,289 - INFO - main : MainDriver - Step : Open WebPage
2013-12-12 00:00:44,505 - INFO - OpenLink : WebProgram - Successfully opened your link: http://www.futureshop.ca
2013-12-12 00:00:44,755 - INFO - main : MainDriver - Open WebPage : Test Step Passed
2013-12-12 00:00:44,785 - INFO - main : MainDriver - Step : Select Main Menu
2013-12-12 00:00:48,980 - INFO - SelectFirstLevelMenu : WebProgram - Found your main menu item: Departments
2013-12-12 00:00:49,082 - INFO - SelectFirstLevelMenu : WebProgram - Hovering over to your main menu: Departments
2013-12-12 00:00:49,117 - INFO - SelectFirstLevelMenu : WebProgram - Successfully hovered over your main menu: Departments
2013-12-12 00:00:49,361 - INFO - main : MainDriver - Select Main Menu : Test Step Passed
2013-12-12 00:00:49,392 - INFO - main : MainDriver - Step : Select Sub Menu 1
2013-12-12 00:00:54,237 - ERROR - SelectSecondLevelMenu : WebProgram - Found the second level menu:  Gaming
2013-12-12 00:00:54,384 - INFO - SelectSecondLevelMenu : WebProgram - Hovering over to your second level menu: Gaming
2013-12-12 00:00:54,457 - INFO - SelectSecondLevelMenu : WebProgram - Successfully hovered over your second level menu: Gaming
2013-12-12 00:00:54,780 - INFO - main : MainDriver - Select Sub Menu 1 : Test Step Passed
2013-12-12 00:00:54,815 - INFO - main : MainDriver - Step : Select Sub Menu 2
2013-12-12 00:00:58,861 - ERROR - SelectThirdLevelMenu : WebProgram - Unable to find your item to click: PS3
2013-12-12 00:00:59,112 - ERROR - main : MainDriver - Select Sub Menu 2 : Test Step Critical Failure
2013-12-12 00:00:59,142 - ERROR - main : MainDriver - Test Case Failed
2013-12-12 00:00:59,286 - INFO - main : MainDriver - -------------*************--------------
2013-12-12 00:00:59,312 - INFO - main : MainDriver - Running Test case id : PRO-0050 :: [('simple test case',)]
2013-12-12 00:00:59,344 - INFO - main : MainDriver - Step : Open Browser
2013-12-12 00:00:59,374 - INFO - ExecuteTestSteps : Futureshop - Opening browser
2013-12-12 00:01:03,255 - INFO - BrowserSelection : WebProgram - Started Firefox Browser
2013-12-12 00:01:03,401 - INFO - main : MainDriver - Open Browser : Test Step Passed
2013-12-12 00:01:03,437 - INFO - main : MainDriver - Step : Verify Product Details
2013-12-12 00:02:19,971 - INFO - NormalizeTimeInputs : CommonUtil - Exception: (list index out of range)
2013-12-12 00:02:20,002 - INFO - FieldCompare : Compare - Expected           records:1
2013-12-12 00:02:20,033 - INFO - FieldCompare : Compare - Expected           records#0:[('Model', 'NLBBSTA1005BK'), ('Sale Price', '129.99'), ('Title', 'TELUS BlackBerry Z30 Smartphone - Black - 2 Year Agreement'), ('Web ID', '10274391')]
2013-12-12 00:02:20,059 - INFO - FieldCompare : Compare - Actual             records:1
2013-12-12 00:02:20,092 - INFO - FieldCompare : Compare - Actual             records#0:[('Details', [])]
2013-12-12 00:02:20,125 - INFO - FieldCompare : Compare - Matching           records:0
2013-12-12 00:02:20,157 - INFO - FieldCompare : Compare - Missing            records:1
2013-12-12 00:02:20,184 - WARNING - FieldCompare : Compare - Missing            record #1
2013-12-12 00:02:20,217 - WARNING - FieldCompare : Compare - [('Model', 'NLBBSTA1005BK'), ('Sale Price', '129.99'), ('Title', 'TELUS BlackBerry Z30 Smartphone - Black - 2 Year Agreement'), ('Web ID', '10274391')]
2013-12-12 00:02:20,243 - INFO - FieldCompare : Compare - Extra              records:1
2013-12-12 00:02:20,276 - WARNING - FieldCompare : Compare - Extra              record #1
2013-12-12 00:02:20,305 - WARNING - FieldCompare : Compare - [('Details', [])]
2013-12-12 00:02:20,332 - INFO - FieldCompare : Compare - Duplicated         records:0
2013-12-12 00:02:20,361 - INFO - FieldCompare : Compare - Key Field Matching records:0
2013-12-12 00:02:20,388 - ERROR - FieldCompare : Compare - 1 of the expected records is not found. 1 extra record
2013-12-12 00:02:20,418 - ERROR - FieldCompare : Compare - Verification of expected and actual data did not match
2013-12-12 00:02:20,601 - ERROR - main : MainDriver - Verify Product Details : Test Step Critical Failure
2013-12-12 00:02:20,634 - ERROR - main : MainDriver - Test Case Failed
2013-12-12 00:02:20,703 - INFO - main : MainDriver - -------------*************--------------
2013-12-12 00:02:20,730 - INFO - main : MainDriver - Running Test case id : PRO-0053 :: [('search for an item and verify the detail',)]
2013-12-12 00:02:20,766 - INFO - main : MainDriver - Step : Open Browser
2013-12-12 00:02:20,812 - INFO - ExecuteTestSteps : Futureshop - Opening browser
2013-12-12 00:02:23,523 - INFO - BrowserSelection : WebProgram - Started Firefox Browser
2013-12-12 00:02:23,677 - INFO - main : MainDriver - Open Browser : Test Step Passed
2013-12-12 00:02:23,707 - INFO - main : MainDriver - Step : Open WebPage
2013-12-12 00:02:40,313 - INFO - OpenLink : WebProgram - Successfully opened your link: http://www.futureshop.ca
2013-12-12 00:02:40,559 - INFO - main : MainDriver - Open WebPage : Test Step Passed
2013-12-12 00:02:40,594 - INFO - main : MainDriver - Step : Search For An Item
2013-12-12 00:02:45,625 - INFO - SearchItem : WebProgram - Searching for: 10274391
2013-12-12 00:02:45,750 - INFO - SearchItem : WebProgram - Found the search box
2013-12-12 00:02:46,036 - INFO - SearchItem : WebProgram - Entered search item Search products, articles & help topics in the box
2013-12-12 00:02:46,206 - INFO - SearchItem : WebProgram - Successfully clicked the search item
2013-12-12 00:02:46,243 - INFO - SearchItem : WebProgram - Waited for browser to fully load: 10274391
2013-12-12 00:02:46,509 - INFO - main : MainDriver - Search For An Item : Test Step Passed
2013-12-12 00:02:46,540 - INFO - main : MainDriver - Step : Verify Product Details
2013-12-12 00:03:21,341 - INFO - FieldCompare : Compare - Expected           records:1
2013-12-12 00:03:21,368 - INFO - FieldCompare : Compare - Expected           records#0:[('Model', 'NLBBSTA1005BK'), ('Sale Price', '129.99'), ('Title', 'TELUS BlackBerry Z30 Smartphone - Black - 2 Year Agreement'), ('Web ID', '10274391'), ('Details', [('Video Calling', 'Yes'), ('Display Resolution', '1280 x 720'), ('Display Size', '5 Inches'), ('Display Type', 'OLED'), ('Touchscreen', 'Yes'), ('Speakerphone', 'Yes'), ('Vibrate Mode', 'Yes'), ('Voice Dialing', 'Yes'), ('Battery Type', 'Rechargeable Lithium-Ion'), ('Backlit Keypad', 'No'), ('Keypad Lock', 'Yes'), ('Calendar', 'Yes'), ('Headset Jack Size', '3.5 mm'), ('USB Connection', 'Yes'), ('Charge over USB', 'Yes'), ('Manual', 'Yes'), ('Wall Adapter', 'Yes'), ('Car Adapter', 'No'), ('Case', 'No'), ('Software', 'Yes'), ('Data Cable', 'Yes'), ('Headset', 'Yes'), ('Body Style', 'Candy Bar'), ('Body Colour', 'Black'), ('Interchangeable Face Plate', 'No'), ('Phone Height', '14.1 cm'), ('Phone Width', '7.2 cm'), ('Phone Depth', '0.9 cm'), ('Weight', '170 g'), ('Warranty Labour', '1 Year<s>'), ('Warranty Parts', '1 Year<s>'), ('Bluetooth', 'Bluetooth 4.0'), ('Memory - Built-in', '16 GB'), ('Memory - Expansion Type', 'MicroSD - up to 64GB'), ('Supported 2G Modes/Bands', 'GSM 850/900/1800/1900 MHz'), ('Supported 3G Modes/Bands', 'HSPA 850/2100/2600 MHz'), ('Other Supported Modes/Bands', '800/850/1700/1900/2100 MHz'), ('Assisted GPS Navigation', 'Yes'), ('Hard-key QWERTY Keyboard', 'No'), ('Virtual QWERTY Keyboard', 'Yes'), ('Phone Operating System', 'BlackBerry 10'), ('Wireless Carrier', 'TELUS'), ('SIM Card', 'Micro SIM'), ('Billing Method', 'Postpaid'), ('Data Speed', 'Up to 75 Mbps'), ('Wi-Fi', '802.11 a/b/g/n'), ('Instant Messaging', 'Yes'), ('Multimedia Messaging Service <MMS>', 'Yes'), ('Short Message Service <SMS>', 'Yes'), ('Mobile Email', 'Yes'), ('Push Email Support', 'Yes'), ('Web Browser', 'Yes'), ('Integrated Audio Player', 'Yes'), ('Integrated Video Player', 'Yes'), ('Downloadable Apps', 'Yes'), ('App Store Compatibility', 'BlackBerry World'), ('Downloadable Games', 'Yes'), ('Downloadable Images', 'Yes'), ('Downloadable Ring Tones', 'Yes'), ('Camera Resolution', '8 MP'), ('Camera Flash', 'Yes'), ('Autofocus', 'Yes'), ('Video Capture', 'Yes')])]
2013-12-12 00:03:21,395 - INFO - FieldCompare : Compare - Actual             records:1
2013-12-12 00:03:21,426 - INFO - FieldCompare : Compare - Actual             records#0:[('Title', u'TELUS BlackBerry Z30 Smartphone - Black - 2 Year Agreement'), ('Model', u'NLBBSTA1005BK'), ('Web ID', u'10274391'), ('Sale Price', u'49.99'), ('Details', [(u'Bluetooth', u'Bluetooth 4.0'), (u'Memory - Built-in', u'16 GB'), (u'Memory - Expansion Type', u'MicroSD - up to 64GB'), (u'Supported 2G Modes/Bands', u'GSM 850/900/1800/1900 MHz'), (u'Supported 3G Modes/Bands', u'HSPA 850/2100/2600 MHz'), (u'Other Supported Modes/Bands', u'800/850/1700/1900/2100 MHz'), (u'Assisted GPS Navigation', u'Yes'), (u'Hard-key QWERTY Keyboard', u'No'), (u'Virtual QWERTY Keyboard', u'Yes'), (u'Phone Operating System', u'BlackBerry 10'), (u'Wireless Carrier', u'TELUS'), (u'SIM Card', u'Micro SIM'), (u'Billing Method', u'Postpaid'), (u'Data Speed', u'Up to 75 Mbps'), (u'Wi-Fi', u'802.11 a/b/g/n'), (u'Instant Messaging', u'Yes'), (u'Multimedia Messaging Service <MMS>', u'Yes'), (u'Short Message Service <SMS>', u'Yes'), (u'Mobile Email', u'Yes'), (u'Push Email Support', u'Yes'), (u'Web Browser', u'Yes'), (u'Integrated Audio Player', u'Yes'), (u'Integrated Video Player', u'Yes'), (u'Downloadable Apps', u'Yes'), (u'App Store Compatibility', u'BlackBerry World'), (u'Downloadable Games', u'Yes'), (u'Downloadable Images', u'Yes'), (u'Downloadable Ring Tones', u'Yes'), (u'Camera Resolution', u'8 MP'), (u'Camera Flash', u'Yes'), (u'Autofocus', u'Yes'), (u'Video Capture', u'Yes'), (u'Video Calling', u'Yes'), (u'Display Resolution', u'1280 x 720'), (u'Display Size', u'5 Inches'), (u'Display Type', u'OLED'), (u'Touchscreen', u'Yes'), (u'Speakerphone', u'Yes'), (u'Vibrate Mode', u'Yes'), (u'Voice Dialing', u'Yes'), (u'Battery Type', u'Rechargeable Lithium-Ion'), (u'Backlit Keypad', u'No'), (u'Keypad Lock', u'Yes'), (u'Calendar', u'Yes'), (u'Headset Jack Size', u'3.5 mm'), (u'USB Connection', u'Yes'), (u'Charge over USB', u'Yes'), (u'Manual', u'Yes'), (u'Wall Adapter', u'Yes'), (u'Car Adapter', u'No'), (u'Case', u'No'), (u'Software', u'Yes'), (u'Data Cable', u'Yes'), (u'Headset', u'Yes'), (u'Body Style', u'Candy Bar'), (u'Body Colour', u'Black'), (u'Interchangeable Face Plate', u'No'), (u'Phone Height', u'14.1 cm'), (u'Phone Width', u'7.2 cm'), (u'Phone Depth', u'0.9 cm'), (u'Weight', u'170 g'), (u'Warranty Labour', u'1 Year<s>'), (u'Warranty Parts', u'1 Year<s>')])]
2013-12-12 00:03:21,453 - INFO - FieldCompare : Compare - Matching           records:0
2013-12-12 00:03:21,486 - INFO - FieldCompare : Compare - Missing            records:0
2013-12-12 00:03:21,513 - INFO - FieldCompare : Compare - Extra              records:0
2013-12-12 00:03:21,542 - INFO - FieldCompare : Compare - Duplicated         records:0
2013-12-12 00:03:21,571 - INFO - FieldCompare : Compare - Key Field Matching records:1
2013-12-12 00:03:21,622 - WARNING - FieldCompare : Compare - Key Field Matching record #1
2013-12-12 00:03:21,651 - WARNING - FieldCompare : Compare - [[('Web ID', u'10274391'), ('Title', u'TELUS BlackBerry Z30 Smartphone - Black - 2 Year Agreement'), ('Model', u'NLBBSTA1005BK'), ('Details', [('Video Calling', 'Yes'), ('Display Resolution', '1280 x 720'), ('Display Size', '5 Inches'), ('Display Type', 'OLED'), ('Touchscreen', 'Yes'), ('Speakerphone', 'Yes'), ('Vibrate Mode', 'Yes'), ('Voice Dialing', 'Yes'), ('Battery Type', 'Rechargeable Lithium-Ion'), ('Backlit Keypad', 'No'), ('Keypad Lock', 'Yes'), ('Calendar', 'Yes'), ('Headset Jack Size', '3.5 mm'), ('USB Connection', 'Yes'), ('Charge over USB', 'Yes'), ('Manual', 'Yes'), ('Wall Adapter', 'Yes'), ('Car Adapter', 'No'), ('Case', 'No'), ('Software', 'Yes'), ('Data Cable', 'Yes'), ('Headset', 'Yes'), ('Body Style', 'Candy Bar'), ('Body Colour', 'Black'), ('Interchangeable Face Plate', 'No'), ('Phone Height', '14.1 cm'), ('Phone Width', '7.2 cm'), ('Phone Depth', '0.9 cm'), ('Weight', '170 g'), ('Warranty Labour', '1 Year<s>'), ('Warranty Parts', '1 Year<s>'), ('Bluetooth', 'Bluetooth 4.0'), ('Memory - Built-in', '16 GB'), ('Memory - Expansion Type', 'MicroSD - up to 64GB'), ('Supported 2G Modes/Bands', 'GSM 850/900/1800/1900 MHz'), ('Supported 3G Modes/Bands', 'HSPA 850/2100/2600 MHz'), ('Other Supported Modes/Bands', '800/850/1700/1900/2100 MHz'), ('Assisted GPS Navigation', 'Yes'), ('Hard-key QWERTY Keyboard', 'No'), ('Virtual QWERTY Keyboard', 'Yes'), ('Phone Operating System', 'BlackBerry 10'), ('Wireless Carrier', 'TELUS'), ('SIM Card', 'Micro SIM'), ('Billing Method', 'Postpaid'), ('Data Speed', 'Up to 75 Mbps'), ('Wi-Fi', '802.11 a/b/g/n'), ('Instant Messaging', 'Yes'), ('Multimedia Messaging Service <MMS>', 'Yes'), ('Short Message Service <SMS>', 'Yes'), ('Mobile Email', 'Yes'), ('Push Email Support', 'Yes'), ('Web Browser', 'Yes'), ('Integrated Audio Player', 'Yes'), ('Integrated Video Player', 'Yes'), ('Downloadable Apps', 'Yes'), ('App Store Compatibility', 'BlackBerry World'), ('Downloadable Games', 'Yes'), ('Downloadable Images', 'Yes'), ('Downloadable Ring Tones', 'Yes'), ('Camera Resolution', '8 MP'), ('Camera Flash', 'Yes'), ('Autofocus', 'Yes'), ('Video Capture', 'Yes')])]]
2013-12-12 00:03:21,677 - WARNING - FieldCompare : Compare - Expected            field #1
2013-12-12 00:03:21,703 - WARNING - FieldCompare : Compare - [[('Sale Price', '129.99')]]
2013-12-12 00:03:21,730 - WARNING - FieldCompare : Compare - Actual values of    field #1
2013-12-12 00:03:21,769 - WARNING - FieldCompare : Compare - [[('Sale Price', u'49.99')]]
2013-12-12 00:03:21,812 - ERROR - FieldCompare : Compare - Verification failed for following expected fields Sale Price
2013-12-12 00:03:21,960 - ERROR - main : MainDriver - Verify Product Details : Test Step Critical Failure
2013-12-12 00:03:21,989 - ERROR - main : MainDriver - Test Case Failed
2013-12-12 00:03:22,121 - INFO - main : MainDriver - -------------*************--------------
2013-12-12 00:03:22,148 - INFO - main : MainDriver - Running Test case id : PRO-0063 :: [('search for an item and verify the detail testing with new jsquery',)]
2013-12-12 00:03:22,183 - INFO - main : MainDriver - Step : Open Browser
2013-12-12 00:03:22,213 - INFO - ExecuteTestSteps : Futureshop - Opening browser
2013-12-12 00:03:26,374 - INFO - BrowserSelection : WebProgram - Started Firefox Browser
2013-12-12 00:03:26,520 - INFO - main : MainDriver - Open Browser : Test Step Passed
2013-12-12 00:03:26,555 - INFO - main : MainDriver - Step : Open WebPage
2013-12-12 00:03:59,697 - ERROR - OpenLink : WebProgram - Failed to open your link: http://www.futureshop.ca
2013-12-12 00:03:59,971 - ERROR - main : MainDriver - Open WebPage : Test Step Critical Failure
2013-12-12 00:04:00,016 - ERROR - main : MainDriver - Test Case Failed
2013-12-12 00:04:00,134 - INFO - main : MainDriver - -------------*************--------------
2013-12-12 00:04:00,167 - INFO - main : MainDriver - Running Test case id : PRO-0152 :: [('Verify Z30 Product Detail',)]
2013-12-12 00:04:00,197 - INFO - main : MainDriver - Step : Open Browser
2013-12-12 00:04:00,226 - INFO - ExecuteTestSteps : Futureshop - Opening browser
2013-12-12 00:04:04,605 - INFO - BrowserSelection : WebProgram - Started Firefox Browser
2013-12-12 00:04:04,763 - INFO - main : MainDriver - Open Browser : Test Step Passed
2013-12-12 00:04:04,801 - INFO - main : MainDriver - Step : Open WebPage
2013-12-12 00:04:31,421 - INFO - OpenLink : WebProgram - Successfully opened your link: http://www.futureshop.ca
2013-12-12 00:04:31,677 - INFO - main : MainDriver - Open WebPage : Test Step Passed
2013-12-12 00:04:31,710 - INFO - main : MainDriver - Step : Search For An Item
2013-12-12 00:04:36,740 - INFO - SearchItem : WebProgram - Searching for: 10274391
2013-12-12 00:04:36,811 - INFO - SearchItem : WebProgram - Found the search box
2013-12-12 00:04:37,069 - INFO - SearchItem : WebProgram - Entered search item Search products, articles & help topics in the box
2013-12-12 00:04:37,233 - INFO - SearchItem : WebProgram - Successfully clicked the search item
2013-12-12 00:04:37,272 - INFO - SearchItem : WebProgram - Waited for browser to fully load: 10274391
2013-12-12 00:04:37,523 - INFO - main : MainDriver - Search For An Item : Test Step Passed
2013-12-12 00:04:37,555 - INFO - main : MainDriver - Step : Verify Product Details
2013-12-12 00:05:16,947 - INFO - FieldCompare : Compare - Expected           records:1
2013-12-12 00:05:17,023 - INFO - FieldCompare : Compare - Expected           records#0:[('Model', 'NLBBSTA1005BK'), ('Sale Price', '129.99'), ('Title', 'TELUS BlackBerry Z30 Smartphone - Black - 2 Year Agreement'), ('Web ID', '10274391'), ('Details', [('Autofocus', 'Yes'), ('Video Capture', 'Yes'), ('Video Calling', 'Yes'), ('Display Resolution', '1280 x 720'), ('Display Size', '5 Inches'), ('Display Type', 'OLED'), ('Touchscreen', 'Yes'), ('Speakerphone', 'Yes'), ('Vibrate Mode', 'Yes'), ('Voice Dialing', 'Yes'), ('Battery Type', 'Rechargeable Lithium-Ion'), ('Backlit Keypad', 'No'), ('Keypad Lock', 'Yes'), ('Calendar', 'Yes'), ('Headset Jack Size', '3.5 mm'), ('USB Connection', 'Yes'), ('Charge over USB', 'Yes'), ('Manual', 'Yes'), ('Wall Adapter', 'Yes'), ('Car Adapter', 'No'), ('Case', 'No'), ('Software', 'Yes'), ('Data Cable', 'Yes'), ('Headset', 'Yes'), ('Body Style', 'Candy Bar'), ('Body Colour', 'Black'), ('Interchangeable Face Plate', 'No'), ('Phone Height', '14.1 cm'), ('Phone Width', '7.2 cm'), ('Phone Depth', '0.9 cm'), ('Weight', '170 g'), ('Warranty Labour', '1 Year<s>'), ('Warranty Parts', '1 Year<s>'), ('Bluetooth', 'Bluetooth 4.0'), ('Memory - Built-in', '16 GB'), ('Memory - Expansion Type', 'MicroSD - up to 64GB'), ('Supported 2G Modes/Bands', 'GSM 850/900/1800/1900 MHz'), ('Supported 3G Modes/Bands', 'HSPA 850/2100/2600 MHz'), ('Other Supported Modes/Bands', '800/850/1700/1900/2100 MHz'), ('Assisted GPS Navigation', 'Yes'), ('Hard-key QWERTY Keyboard', 'No'), ('Virtual QWERTY Keyboard', 'Yes'), ('Phone Operating System', 'BlackBerry 10'), ('Wireless Carrier', 'TELUS'), ('SIM Card', 'Micro SIM'), ('Billing Method', 'Postpaid'), ('Data Speed', 'Up to 75 Mbps'), ('Wi-Fi', '802.11 a/b/g/n'), ('Instant Messaging', 'Yes'), ('Multimedia Messaging Service <MMS>', 'Yes'), ('Camera Flash', 'Yes'), ('Short Message Service <SMS>', 'Yes'), ('Mobile Email', 'Yes'), ('Push Email Support', 'Yes'), ('Web Browser', 'Yes'), ('Integrated Audio Player', 'Yes'), ('Integrated Video Player', 'Yes'), ('Downloadable Apps', 'Yes'), ('App Store Compatibility', 'BlackBerry World'), ('Downloadable Games', 'Yes'), ('Downloadable Images', 'Yes'), ('Downloadable Ring Tones', 'Yes'), ('Camera Resolution', '8 MP')])]
2013-12-12 00:05:17,049 - INFO - FieldCompare : Compare - Actual             records:1
2013-12-12 00:05:17,075 - INFO - FieldCompare : Compare - Actual             records#0:[('Title', u'TELUS BlackBerry Z30 Smartphone - Black - 2 Year Agreement'), ('Model', u'NLBBSTA1005BK'), ('Web ID', u'10274391'), ('Sale Price', u'49.99'), ('Details', [(u'Bluetooth', u'Bluetooth 4.0'), (u'Memory - Built-in', u'16 GB'), (u'Memory - Expansion Type', u'MicroSD - up to 64GB'), (u'Supported 2G Modes/Bands', u'GSM 850/900/1800/1900 MHz'), (u'Supported 3G Modes/Bands', u'HSPA 850/2100/2600 MHz'), (u'Other Supported Modes/Bands', u'800/850/1700/1900/2100 MHz'), (u'Assisted GPS Navigation', u'Yes'), (u'Hard-key QWERTY Keyboard', u'No'), (u'Virtual QWERTY Keyboard', u'Yes'), (u'Phone Operating System', u'BlackBerry 10'), (u'Wireless Carrier', u'TELUS'), (u'SIM Card', u'Micro SIM'), (u'Billing Method', u'Postpaid'), (u'Data Speed', u'Up to 75 Mbps'), (u'Wi-Fi', u'802.11 a/b/g/n'), (u'Instant Messaging', u'Yes'), (u'Multimedia Messaging Service <MMS>', u'Yes'), (u'Short Message Service <SMS>', u'Yes'), (u'Mobile Email', u'Yes'), (u'Push Email Support', u'Yes'), (u'Web Browser', u'Yes'), (u'Integrated Audio Player', u'Yes'), (u'Integrated Video Player', u'Yes'), (u'Downloadable Apps', u'Yes'), (u'App Store Compatibility', u'BlackBerry World'), (u'Downloadable Games', u'Yes'), (u'Downloadable Images', u'Yes'), (u'Downloadable Ring Tones', u'Yes'), (u'Camera Resolution', u'8 MP'), (u'Camera Flash', u'Yes'), (u'Autofocus', u'Yes'), (u'Video Capture', u'Yes'), (u'Video Calling', u'Yes'), (u'Display Resolution', u'1280 x 720'), (u'Display Size', u'5 Inches'), (u'Display Type', u'OLED'), (u'Touchscreen', u'Yes'), (u'Speakerphone', u'Yes'), (u'Vibrate Mode', u'Yes'), (u'Voice Dialing', u'Yes'), (u'Battery Type', u'Rechargeable Lithium-Ion'), (u'Backlit Keypad', u'No'), (u'Keypad Lock', u'Yes'), (u'Calendar', u'Yes'), (u'Headset Jack Size', u'3.5 mm'), (u'USB Connection', u'Yes'), (u'Charge over USB', u'Yes'), (u'Manual', u'Yes'), (u'Wall Adapter', u'Yes'), (u'Car Adapter', u'No'), (u'Case', u'No'), (u'Software', u'Yes'), (u'Data Cable', u'Yes'), (u'Headset', u'Yes'), (u'Body Style', u'Candy Bar'), (u'Body Colour', u'Black'), (u'Interchangeable Face Plate', u'No'), (u'Phone Height', u'14.1 cm'), (u'Phone Width', u'7.2 cm'), (u'Phone Depth', u'0.9 cm'), (u'Weight', u'170 g'), (u'Warranty Labour', u'1 Year<s>'), (u'Warranty Parts', u'1 Year<s>')])]
2013-12-12 00:05:17,098 - INFO - FieldCompare : Compare - Matching           records:0
2013-12-12 00:05:17,132 - INFO - FieldCompare : Compare - Missing            records:0
2013-12-12 00:05:17,160 - INFO - FieldCompare : Compare - Extra              records:0
2013-12-12 00:05:17,194 - INFO - FieldCompare : Compare - Duplicated         records:0
2013-12-12 00:05:17,232 - INFO - FieldCompare : Compare - Key Field Matching records:1
2013-12-12 00:05:17,286 - WARNING - FieldCompare : Compare - Key Field Matching record #1
2013-12-12 00:05:17,313 - WARNING - FieldCompare : Compare - [[('Web ID', u'10274391'), ('Title', u'TELUS BlackBerry Z30 Smartphone - Black - 2 Year Agreement'), ('Model', u'NLBBSTA1005BK'), ('Details', [('Autofocus', 'Yes'), ('Video Capture', 'Yes'), ('Video Calling', 'Yes'), ('Display Resolution', '1280 x 720'), ('Display Size', '5 Inches'), ('Display Type', 'OLED'), ('Touchscreen', 'Yes'), ('Speakerphone', 'Yes'), ('Vibrate Mode', 'Yes'), ('Voice Dialing', 'Yes'), ('Battery Type', 'Rechargeable Lithium-Ion'), ('Backlit Keypad', 'No'), ('Keypad Lock', 'Yes'), ('Calendar', 'Yes'), ('Headset Jack Size', '3.5 mm'), ('USB Connection', 'Yes'), ('Charge over USB', 'Yes'), ('Manual', 'Yes'), ('Wall Adapter', 'Yes'), ('Car Adapter', 'No'), ('Case', 'No'), ('Software', 'Yes'), ('Data Cable', 'Yes'), ('Headset', 'Yes'), ('Body Style', 'Candy Bar'), ('Body Colour', 'Black'), ('Interchangeable Face Plate', 'No'), ('Phone Height', '14.1 cm'), ('Phone Width', '7.2 cm'), ('Phone Depth', '0.9 cm'), ('Weight', '170 g'), ('Warranty Labour', '1 Year<s>'), ('Warranty Parts', '1 Year<s>'), ('Bluetooth', 'Bluetooth 4.0'), ('Memory - Built-in', '16 GB'), ('Memory - Expansion Type', 'MicroSD - up to 64GB'), ('Supported 2G Modes/Bands', 'GSM 850/900/1800/1900 MHz'), ('Supported 3G Modes/Bands', 'HSPA 850/2100/2600 MHz'), ('Other Supported Modes/Bands', '800/850/1700/1900/2100 MHz'), ('Assisted GPS Navigation', 'Yes'), ('Hard-key QWERTY Keyboard', 'No'), ('Virtual QWERTY Keyboard', 'Yes'), ('Phone Operating System', 'BlackBerry 10'), ('Wireless Carrier', 'TELUS'), ('SIM Card', 'Micro SIM'), ('Billing Method', 'Postpaid'), ('Data Speed', 'Up to 75 Mbps'), ('Wi-Fi', '802.11 a/b/g/n'), ('Instant Messaging', 'Yes'), ('Multimedia Messaging Service <MMS>', 'Yes'), ('Camera Flash', 'Yes'), ('Short Message Service <SMS>', 'Yes'), ('Mobile Email', 'Yes'), ('Push Email Support', 'Yes'), ('Web Browser', 'Yes'), ('Integrated Audio Player', 'Yes'), ('Integrated Video Player', 'Yes'), ('Downloadable Apps', 'Yes'), ('App Store Compatibility', 'BlackBerry World'), ('Downloadable Games', 'Yes'), ('Downloadable Images', 'Yes'), ('Downloadable Ring Tones', 'Yes'), ('Camera Resolution', '8 MP')])]]
2013-12-12 00:05:17,342 - WARNING - FieldCompare : Compare - Expected            field #1
2013-12-12 00:05:17,369 - WARNING - FieldCompare : Compare - [[('Sale Price', '129.99')]]
2013-12-12 00:05:17,414 - WARNING - FieldCompare : Compare - Actual values of    field #1
2013-12-12 00:05:17,441 - WARNING - FieldCompare : Compare - [[('Sale Price', u'49.99')]]
2013-12-12 00:05:17,470 - ERROR - FieldCompare : Compare - Verification failed for following expected fields Sale Price
2013-12-12 00:05:17,632 - ERROR - main : MainDriver - Verify Product Details : Test Step Critical Failure
2013-12-12 00:05:17,661 - ERROR - main : MainDriver - Test Case Failed
2013-12-12 00:05:17,803 - INFO - main : MainDriver - -------------*************--------------
2013-12-12 00:05:17,831 - INFO - main : MainDriver - Running Test case id : PRO-0155 :: [('Verify Z30 Product Detail Fail With Price',)]
2013-12-12 00:05:17,861 - INFO - main : MainDriver - Step : Open Browser
2013-12-12 00:05:17,892 - INFO - ExecuteTestSteps : Futureshop - Opening browser
2013-12-12 00:05:22,260 - INFO - BrowserSelection : WebProgram - Started Firefox Browser
2013-12-12 00:05:22,404 - INFO - main : MainDriver - Open Browser : Test Step Passed
2013-12-12 00:05:22,480 - INFO - main : MainDriver - Step : Open WebPage
2013-12-12 00:05:41,454 - INFO - OpenLink : WebProgram - Successfully opened your link: http://www.futureshop.ca
2013-12-12 00:05:41,674 - INFO - main : MainDriver - Open WebPage : Test Step Passed
2013-12-12 00:05:41,707 - INFO - main : MainDriver - Step : Search For An Item
2013-12-12 00:05:46,737 - INFO - SearchItem : WebProgram - Searching for: 10274391
2013-12-12 00:05:46,812 - INFO - SearchItem : WebProgram - Found the search box
2013-12-12 00:05:47,065 - INFO - SearchItem : WebProgram - Entered search item Search products, articles & help topics in the box
2013-12-12 00:05:47,210 - INFO - SearchItem : WebProgram - Successfully clicked the search item
2013-12-12 00:05:47,242 - INFO - SearchItem : WebProgram - Waited for browser to fully load: 10274391
2013-12-12 00:05:47,479 - INFO - main : MainDriver - Search For An Item : Test Step Passed
2013-12-12 00:05:47,515 - INFO - main : MainDriver - Step : Verify Product Details
2013-12-12 00:06:10,696 - INFO - FieldCompare : Compare - Expected           records:1
2013-12-12 00:06:10,732 - INFO - FieldCompare : Compare - Expected           records#0:[('Model', 'NLBBSTA1005BK'), ('Sale Price', '139.99'), ('Title', 'TELUS BlackBerry Z30 Smartphone - Black - 2 Year Agreement'), ('Web ID', '10274391'), ('Details', [('Autofocus', 'Yes'), ('Video Capture', 'Yes'), ('Video Calling', 'Yes'), ('Display Resolution', '1280 x 720'), ('Display Size', '5 Inches'), ('Display Type', 'OLED'), ('Touchscreen', 'Yes'), ('Speakerphone', 'Yes'), ('Vibrate Mode', 'Yes'), ('Voice Dialing', 'Yes'), ('Battery Type', 'Rechargeable Lithium-Ion'), ('Backlit Keypad', 'No'), ('Keypad Lock', 'Yes'), ('Calendar', 'Yes'), ('Headset Jack Size', '3.5 mm'), ('USB Connection', 'Yes'), ('Charge over USB', 'Yes'), ('Manual', 'Yes'), ('Wall Adapter', 'Yes'), ('Car Adapter', 'No'), ('Case', 'No'), ('Software', 'Yes'), ('Data Cable', 'Yes'), ('Headset', 'Yes'), ('Body Style', 'Candy Bar'), ('Body Colour', 'Black'), ('Interchangeable Face Plate', 'No'), ('Phone Height', '14.1 cm'), ('Phone Width', '7.2 cm'), ('Phone Depth', '0.9 cm'), ('Weight', '170 g'), ('Warranty Labour', '1 Year<s>'), ('Warranty Parts', '1 Year<s>'), ('Bluetooth', 'Bluetooth 4.0'), ('Memory - Built-in', '16 GB'), ('Memory - Expansion Type', 'MicroSD - up to 64GB'), ('Supported 2G Modes/Bands', 'GSM 850/900/1800/1900 MHz'), ('Supported 3G Modes/Bands', 'HSPA 850/2100/2600 MHz'), ('Other Supported Modes/Bands', '800/850/1700/1900/2100 MHz'), ('Assisted GPS Navigation', 'Yes'), ('Hard-key QWERTY Keyboard', 'No'), ('Virtual QWERTY Keyboard', 'Yes'), ('Phone Operating System', 'BlackBerry 10'), ('Wireless Carrier', 'TELUS'), ('SIM Card', 'Micro SIM'), ('Billing Method', 'Postpaid'), ('Data Speed', 'Up to 75 Mbps'), ('Wi-Fi', '802.11 a/b/g/n'), ('Instant Messaging', 'Yes'), ('Multimedia Messaging Service <MMS>', 'Yes'), ('Camera Flash', 'Yes'), ('Short Message Service <SMS>', 'Yes'), ('Mobile Email', 'Yes'), ('Push Email Support', 'Yes'), ('Web Browser', 'Yes'), ('Integrated Audio Player', 'Yes'), ('Integrated Video Player', 'Yes'), ('Downloadable Apps', 'Yes'), ('App Store Compatibility', 'BlackBerry World'), ('Downloadable Games', 'Yes'), ('Downloadable Images', 'Yes'), ('Downloadable Ring Tones', 'Yes'), ('Camera Resolution', '8 MP')])]
2013-12-12 00:06:10,766 - INFO - FieldCompare : Compare - Actual             records:1
2013-12-12 00:06:10,796 - INFO - FieldCompare : Compare - Actual             records#0:[('Title', u'TELUS BlackBerry Z30 Smartphone - Black - 2 Year Agreement'), ('Model', u'NLBBSTA1005BK'), ('Web ID', u'10274391'), ('Sale Price', u'49.99'), ('Details', [(u'Bluetooth', u'Bluetooth 4.0'), (u'Memory - Built-in', u'16 GB'), (u'Memory - Expansion Type', u'MicroSD - up to 64GB'), (u'Supported 2G Modes/Bands', u'GSM 850/900/1800/1900 MHz'), (u'Supported 3G Modes/Bands', u'HSPA 850/2100/2600 MHz'), (u'Other Supported Modes/Bands', u'800/850/1700/1900/2100 MHz'), (u'Assisted GPS Navigation', u'Yes'), (u'Hard-key QWERTY Keyboard', u'No'), (u'Virtual QWERTY Keyboard', u'Yes'), (u'Phone Operating System', u'BlackBerry 10'), (u'Wireless Carrier', u'TELUS'), (u'SIM Card', u'Micro SIM'), (u'Billing Method', u'Postpaid'), (u'Data Speed', u'Up to 75 Mbps'), (u'Wi-Fi', u'802.11 a/b/g/n'), (u'Instant Messaging', u'Yes'), (u'Multimedia Messaging Service <MMS>', u'Yes'), (u'Short Message Service <SMS>', u'Yes'), (u'Mobile Email', u'Yes'), (u'Push Email Support', u'Yes'), (u'Web Browser', u'Yes'), (u'Integrated Audio Player', u'Yes'), (u'Integrated Video Player', u'Yes'), (u'Downloadable Apps', u'Yes'), (u'App Store Compatibility', u'BlackBerry World'), (u'Downloadable Games', u'Yes'), (u'Downloadable Images', u'Yes'), (u'Downloadable Ring Tones', u'Yes'), (u'Camera Resolution', u'8 MP'), (u'Camera Flash', u'Yes'), (u'Autofocus', u'Yes'), (u'Video Capture', u'Yes'), (u'Video Calling', u'Yes'), (u'Display Resolution', u'1280 x 720'), (u'Display Size', u'5 Inches'), (u'Display Type', u'OLED'), (u'Touchscreen', u'Yes'), (u'Speakerphone', u'Yes'), (u'Vibrate Mode', u'Yes'), (u'Voice Dialing', u'Yes'), (u'Battery Type', u'Rechargeable Lithium-Ion'), (u'Backlit Keypad', u'No'), (u'Keypad Lock', u'Yes'), (u'Calendar', u'Yes'), (u'Headset Jack Size', u'3.5 mm'), (u'USB Connection', u'Yes'), (u'Charge over USB', u'Yes'), (u'Manual', u'Yes'), (u'Wall Adapter', u'Yes'), (u'Car Adapter', u'No'), (u'Case', u'No'), (u'Software', u'Yes'), (u'Data Cable', u'Yes'), (u'Headset', u'Yes'), (u'Body Style', u'Candy Bar'), (u'Body Colour', u'Black'), (u'Interchangeable Face Plate', u'No'), (u'Phone Height', u'14.1 cm'), (u'Phone Width', u'7.2 cm'), (u'Phone Depth', u'0.9 cm'), (u'Weight', u'170 g'), (u'Warranty Labour', u'1 Year<s>'), (u'Warranty Parts', u'1 Year<s>')])]
2013-12-12 00:06:10,826 - INFO - FieldCompare : Compare - Matching           records:0
2013-12-12 00:06:10,855 - INFO - FieldCompare : Compare - Missing            records:0
2013-12-12 00:06:10,885 - INFO - FieldCompare : Compare - Extra              records:0
2013-12-12 00:06:10,917 - INFO - FieldCompare : Compare - Duplicated         records:0
2013-12-12 00:06:10,947 - INFO - FieldCompare : Compare - Key Field Matching records:1
2013-12-12 00:06:10,974 - WARNING - FieldCompare : Compare - Key Field Matching record #1
2013-12-12 00:06:11,015 - WARNING - FieldCompare : Compare - [[('Web ID', u'10274391'), ('Title', u'TELUS BlackBerry Z30 Smartphone - Black - 2 Year Agreement'), ('Model', u'NLBBSTA1005BK'), ('Details', [('Autofocus', 'Yes'), ('Video Capture', 'Yes'), ('Video Calling', 'Yes'), ('Display Resolution', '1280 x 720'), ('Display Size', '5 Inches'), ('Display Type', 'OLED'), ('Touchscreen', 'Yes'), ('Speakerphone', 'Yes'), ('Vibrate Mode', 'Yes'), ('Voice Dialing', 'Yes'), ('Battery Type', 'Rechargeable Lithium-Ion'), ('Backlit Keypad', 'No'), ('Keypad Lock', 'Yes'), ('Calendar', 'Yes'), ('Headset Jack Size', '3.5 mm'), ('USB Connection', 'Yes'), ('Charge over USB', 'Yes'), ('Manual', 'Yes'), ('Wall Adapter', 'Yes'), ('Car Adapter', 'No'), ('Case', 'No'), ('Software', 'Yes'), ('Data Cable', 'Yes'), ('Headset', 'Yes'), ('Body Style', 'Candy Bar'), ('Body Colour', 'Black'), ('Interchangeable Face Plate', 'No'), ('Phone Height', '14.1 cm'), ('Phone Width', '7.2 cm'), ('Phone Depth', '0.9 cm'), ('Weight', '170 g'), ('Warranty Labour', '1 Year<s>'), ('Warranty Parts', '1 Year<s>'), ('Bluetooth', 'Bluetooth 4.0'), ('Memory - Built-in', '16 GB'), ('Memory - Expansion Type', 'MicroSD - up to 64GB'), ('Supported 2G Modes/Bands', 'GSM 850/900/1800/1900 MHz'), ('Supported 3G Modes/Bands', 'HSPA 850/2100/2600 MHz'), ('Other Supported Modes/Bands', '800/850/1700/1900/2100 MHz'), ('Assisted GPS Navigation', 'Yes'), ('Hard-key QWERTY Keyboard', 'No'), ('Virtual QWERTY Keyboard', 'Yes'), ('Phone Operating System', 'BlackBerry 10'), ('Wireless Carrier', 'TELUS'), ('SIM Card', 'Micro SIM'), ('Billing Method', 'Postpaid'), ('Data Speed', 'Up to 75 Mbps'), ('Wi-Fi', '802.11 a/b/g/n'), ('Instant Messaging', 'Yes'), ('Multimedia Messaging Service <MMS>', 'Yes'), ('Camera Flash', 'Yes'), ('Short Message Service <SMS>', 'Yes'), ('Mobile Email', 'Yes'), ('Push Email Support', 'Yes'), ('Web Browser', 'Yes'), ('Integrated Audio Player', 'Yes'), ('Integrated Video Player', 'Yes'), ('Downloadable Apps', 'Yes'), ('App Store Compatibility', 'BlackBerry World'), ('Downloadable Games', 'Yes'), ('Downloadable Images', 'Yes'), ('Downloadable Ring Tones', 'Yes'), ('Camera Resolution', '8 MP')])]]
2013-12-12 00:06:11,066 - WARNING - FieldCompare : Compare - Expected            field #1
2013-12-12 00:06:11,168 - WARNING - FieldCompare : Compare - [[('Sale Price', '139.99')]]
2013-12-12 00:06:11,210 - WARNING - FieldCompare : Compare - Actual values of    field #1
2013-12-12 00:06:11,306 - WARNING - FieldCompare : Compare - [[('Sale Price', u'49.99')]]
2013-12-12 00:06:11,351 - ERROR - FieldCompare : Compare - Verification failed for following expected fields Sale Price
2013-12-12 00:06:11,549 - ERROR - main : MainDriver - Verify Product Details : Test Step Critical Failure
2013-12-12 00:06:11,645 - ERROR - main : MainDriver - Test Case Failed
2013-12-12 00:06:11,898 - INFO - main : MainDriver - Test Set Completed
